#
# There is insufficient memory for the Java Runtime Environment to continue.
# Native memory allocation (malloc) failed to allocate 260976 bytes for Chunk::new
# Possible reasons:
#   The system is out of physical RAM or swap space
#   The process is running with CompressedOops enabled, and the Java Heap may be blocking the growth of the native heap
# Possible solutions:
#   Reduce memory load on the system
#   Increase physical memory or swap space
#   Check if swap backing store is full
#   Decrease Java heap size (-Xmx/-Xms)
#   Decrease number of Java threads
#   Decrease Java thread stack sizes (-Xss)
#   Set larger code cache with -XX:ReservedCodeCacheSize=
#   JVM is running with Unscaled Compressed Oops mode in which the Java heap is
#     placed in the first 4GB address space. The Java Heap base address is the
#     maximum limit for the native heap growth. Please use -XX:HeapBaseMinAddress
#     to set the Java Heap base and to place the Java Heap above 4GB virtual address.
# This output file may be truncated or incomplete.
#
#  Out of Memory Error (allocation.cpp:389), pid=10720, tid=0x00000000000025e8
#
# JRE version: Java(TM) SE Runtime Environment (8.0_341-b10) (build 1.8.0_341-b10)
# Java VM: Java HotSpot(TM) 64-Bit Server VM (25.341-b10 mixed mode windows-amd64 compressed oops)
# Failed to write core dump. Minidumps are not enabled by default on client versions of Windows
#

---------------  T H R E A D  ---------------

Current thread (0x0000014cff29f000):  JavaThread "C2 CompilerThread0" daemon [_thread_in_native, id=9704, stack(0x00000041c9b00000,0x00000041c9c00000)]

Stack: [0x00000041c9b00000,0x00000041c9c00000]
Native frames: (J=compiled Java code, j=interpreted, Vv=VM code, C=native code)
V  [jvm.dll+0x32fa99]
V  [jvm.dll+0x275ff2]
V  [jvm.dll+0x276c9d]
V  [jvm.dll+0x26d645]
V  [jvm.dll+0xd583c]
V  [jvm.dll+0xd603c]
V  [jvm.dll+0x453fe2]
V  [jvm.dll+0x48f09d]
V  [jvm.dll+0x443599]
V  [jvm.dll+0x440e1b]
V  [jvm.dll+0x42bceb]
V  [jvm.dll+0xac68b]
V  [jvm.dll+0xaaceb]
V  [jvm.dll+0x23e542]
V  [jvm.dll+0x292d2c]
C  [ucrtbase.dll+0x21bb2]
C  [KERNEL32.DLL+0x17034]
C  [ntdll.dll+0x526a1]


Current CompileTask:
C2:   3900 3345   !   4       java.util.zip.ZipFile::getInputStream (304 bytes)


---------------  P R O C E S S  ---------------

Java Threads: ( => current thread )
  0x0000014c9348e000 JavaThread "SeedGenerator Thread" daemon [_thread_blocked, id=10544, stack(0x00000041ca500000,0x00000041ca600000)]
  0x0000014c96419800 JavaThread "SeedGenerator Thread" daemon [_thread_in_vm, id=14420, stack(0x00000041ca300000,0x00000041ca400000)]
  0x0000014c97d46000 JavaThread "mysql-cj-abandoned-connection-cleanup" daemon [_thread_blocked, id=14488, stack(0x00000041ca200000,0x00000041ca300000)]
  0x0000014c930a7800 JavaThread "surefire-forkedjvm-ping-30s" daemon [_thread_in_native, id=16688, stack(0x00000041ca100000,0x00000041ca200000)]
  0x0000014c93009800 JavaThread "surefire-forkedjvm-command-thread" daemon [_thread_in_native, id=14676, stack(0x00000041ca000000,0x00000041ca100000)]
  0x0000014cff326000 JavaThread "Service Thread" daemon [_thread_blocked, id=13280, stack(0x00000041c9e00000,0x00000041c9f00000)]
  0x0000014cff2a7000 JavaThread "C1 CompilerThread2" daemon [_thread_blocked, id=14364, stack(0x00000041c9d00000,0x00000041c9e00000)]
  0x0000014cff2a3800 JavaThread "C2 CompilerThread1" daemon [_thread_in_native, id=8760, stack(0x00000041c9c00000,0x00000041c9d00000)]
=>0x0000014cff29f000 JavaThread "C2 CompilerThread0" daemon [_thread_in_native, id=9704, stack(0x00000041c9b00000,0x00000041c9c00000)]
  0x0000014cff29c000 JavaThread "Attach Listener" daemon [_thread_blocked, id=9752, stack(0x00000041c9a00000,0x00000041c9b00000)]
  0x0000014cff29b000 JavaThread "Signal Dispatcher" daemon [_thread_blocked, id=15784, stack(0x00000041c9900000,0x00000041c9a00000)]
  0x0000014cff277000 JavaThread "Finalizer" daemon [_thread_blocked, id=12216, stack(0x00000041c9800000,0x00000041c9900000)]
  0x0000014cff276000 JavaThread "Reference Handler" daemon [_thread_blocked, id=14888, stack(0x00000041c9700000,0x00000041c9800000)]
  0x0000014cfb9f5800 JavaThread "main" [_thread_blocked, id=1152, stack(0x00000041c9100000,0x00000041c9200000)]

Other Threads:
  0x0000014cff253000 VMThread [stack: 0x00000041c9600000,0x00000041c9700000] [id=5944]
  0x0000014cff343000 WatcherThread [stack: 0x00000041c9f00000,0x00000041ca000000] [id=9600]

VM state:not at safepoint (normal execution)

VM Mutex/Monitor currently owned by a thread: None

heap address: 0x0000000080800000, size: 2040 MB, Compressed Oops mode: 32-bit
Narrow klass base: 0x0000000000000000, Narrow klass shift: 3
Compressed class space size: 1073741824 Address: 0x0000000100000000

Heap:
 PSYoungGen      total 111104K, used 50127K [0x00000000d5800000, 0x00000000dcf00000, 0x0000000100000000)
  eden space 101888K, 49% used [0x00000000d5800000,0x00000000d88f3e78,0x00000000dbb80000)
  from space 9216K, 0% used [0x00000000dbb80000,0x00000000dbb80000,0x00000000dc480000)
  to   space 8192K, 0% used [0x00000000dc480000,0x00000000dc480000,0x00000000dcc80000)
 ParOldGen       total 94720K, used 14869K [0x0000000080800000, 0x0000000086480000, 0x00000000d5800000)
  object space 94720K, 15% used [0x0000000080800000,0x0000000081685608,0x0000000086480000)
 Metaspace       used 37144K, capacity 39580K, committed 39680K, reserved 1083392K
  class space    used 5111K, capacity 5565K, committed 5632K, reserved 1048576K

Card table byte_map: [0x0000014cfd770000,0x0000014cfdb70000] byte_map_base: 0x0000014cfd36c000

Marking Bits: (ParMarkBitMap*) 0x00000000769e9030
 Begin Bits: [0x0000014c8f000000, 0x0000014c90fe0000)
 End Bits:   [0x0000014c90fe0000, 0x0000014c92fc0000)

Polling page: 0x0000014cfd380000

CodeCache: size=245760Kb used=12431Kb max_used=12431Kb free=233328Kb
 bounds [0x0000014c80000000, 0x0000014c80c30000, 0x0000014c8f000000]
 total_blobs=3801 nmethods=3396 adapters=317
 compilation: enabled

Compilation events (10 events):
Event: 3.384 Thread 0x0000014cff29f000 3345   !   4       java.util.zip.ZipFile::getInputStream (304 bytes)
Event: 3.385 Thread 0x0000014cff2a7000 3346       3       java.lang.Class$MethodArray::compactAndTrim (69 bytes)
Event: 3.386 Thread 0x0000014cff2a7000 nmethod 3346 0x0000014c80bf8b90 code [0x0000014c80bf8d40, 0x0000014c80bf93b0]
Event: 3.388 Thread 0x0000014cff2a3800 3347       4       java.util.jar.Attributes$Name::isValid (45 bytes)
Event: 3.390 Thread 0x0000014cff2a3800 nmethod 3347 0x0000014c80bf8590 code [0x0000014c80bf86e0, 0x0000014c80bf8918]
Event: 3.393 Thread 0x0000014cff2a3800 3348       4       java.util.zip.InflaterInputStream::<init> (79 bytes)
Event: 3.395 Thread 0x0000014cff2a3800 nmethod 3348 0x0000014c80bff1d0 code [0x0000014c80bff320, 0x0000014c80bff638]
Event: 3.395 Thread 0x0000014cff2a3800 3349       4       java.lang.ClassLoader::loadClass (7 bytes)
Event: 3.395 Thread 0x0000014cff2a7000 3350       3       java.util.Formatter::checkText (58 bytes)
Event: 3.396 Thread 0x0000014cff2a7000 nmethod 3350 0x0000014c80bfe0d0 code [0x0000014c80bfe2c0, 0x0000014c80bfec70]

GC Heap History (10 events):
Event: 1.353 GC heap before
{Heap before GC invocations=5 (full 1):
 PSYoungGen      total 71680K, used 5109K [0x00000000d5800000, 0x00000000da300000, 0x0000000100000000)
  eden space 66560K, 0% used [0x00000000d5800000,0x00000000d5800000,0x00000000d9900000)
  from space 5120K, 99% used [0x00000000d9e00000,0x00000000da2fd758,0x00000000da300000)
  to   space 5120K, 0% used [0x00000000d9900000,0x00000000d9900000,0x00000000d9e00000)
 ParOldGen       total 87552K, used 3923K [0x0000000080800000, 0x0000000085d80000, 0x00000000d5800000)
  object space 87552K, 4% used [0x0000000080800000,0x0000000080bd4f00,0x0000000085d80000)
 Metaspace       used 19707K, capacity 21276K, committed 21296K, reserved 1067008K
  class space    used 2618K, capacity 2924K, committed 2944K, reserved 1048576K
Event: 1.374 GC heap after
Heap after GC invocations=5 (full 1):
 PSYoungGen      total 71680K, used 0K [0x00000000d5800000, 0x00000000da300000, 0x0000000100000000)
  eden space 66560K, 0% used [0x00000000d5800000,0x00000000d5800000,0x00000000d9900000)
  from space 5120K, 0% used [0x00000000d9e00000,0x00000000d9e00000,0x00000000da300000)
  to   space 5120K, 0% used [0x00000000d9900000,0x00000000d9900000,0x00000000d9e00000)
 ParOldGen       total 58368K, used 7098K [0x0000000080800000, 0x0000000084100000, 0x00000000d5800000)
  object space 58368K, 12% used [0x0000000080800000,0x0000000080eee860,0x0000000084100000)
 Metaspace       used 19707K, capacity 21276K, committed 21296K, reserved 1067008K
  class space    used 2618K, capacity 2924K, committed 2944K, reserved 1048576K
}
Event: 1.679 GC heap before
{Heap before GC invocations=6 (full 1):
 PSYoungGen      total 71680K, used 66560K [0x00000000d5800000, 0x00000000da300000, 0x0000000100000000)
  eden space 66560K, 100% used [0x00000000d5800000,0x00000000d9900000,0x00000000d9900000)
  from space 5120K, 0% used [0x00000000d9e00000,0x00000000d9e00000,0x00000000da300000)
  to   space 5120K, 0% used [0x00000000d9900000,0x00000000d9900000,0x00000000d9e00000)
 ParOldGen       total 58368K, used 7098K [0x0000000080800000, 0x0000000084100000, 0x00000000d5800000)
  object space 58368K, 12% used [0x0000000080800000,0x0000000080eee860,0x0000000084100000)
 Metaspace       used 24326K, capacity 25960K, committed 26112K, reserved 1071104K
  class space    used 3264K, capacity 3574K, committed 3584K, reserved 1048576K
Event: 1.685 GC heap after
Heap after GC invocations=6 (full 1):
 PSYoungGen      total 71680K, used 5109K [0x00000000d5800000, 0x00000000dcc80000, 0x0000000100000000)
  eden space 66560K, 0% used [0x00000000d5800000,0x00000000d5800000,0x00000000d9900000)
  from space 5120K, 99% used [0x00000000d9900000,0x00000000d9dfd550,0x00000000d9e00000)
  to   space 8192K, 0% used [0x00000000dc480000,0x00000000dc480000,0x00000000dcc80000)
 ParOldGen       total 58368K, used 8678K [0x0000000080800000, 0x0000000084100000, 0x00000000d5800000)
  object space 58368K, 14% used [0x0000000080800000,0x0000000081079b68,0x0000000084100000)
 Metaspace       used 24326K, capacity 25960K, committed 26112K, reserved 1071104K
  class space    used 3264K, capacity 3574K, committed 3584K, reserved 1048576K
}
Event: 2.058 GC heap before
{Heap before GC invocations=7 (full 1):
 PSYoungGen      total 71680K, used 71669K [0x00000000d5800000, 0x00000000dcc80000, 0x0000000100000000)
  eden space 66560K, 100% used [0x00000000d5800000,0x00000000d9900000,0x00000000d9900000)
  from space 5120K, 99% used [0x00000000d9900000,0x00000000d9dfd550,0x00000000d9e00000)
  to   space 8192K, 0% used [0x00000000dc480000,0x00000000dc480000,0x00000000dcc80000)
 ParOldGen       total 58368K, used 8678K [0x0000000080800000, 0x0000000084100000, 0x00000000d5800000)
  object space 58368K, 14% used [0x0000000080800000,0x0000000081079b68,0x0000000084100000)
 Metaspace       used 28197K, capacity 30020K, committed 30336K, reserved 1075200K
  class space    used 3783K, capacity 4140K, committed 4224K, reserved 1048576K
Event: 2.065 GC heap after
Heap after GC invocations=7 (full 1):
 PSYoungGen      total 110080K, used 8148K [0x00000000d5800000, 0x00000000dcf00000, 0x0000000100000000)
  eden space 101888K, 0% used [0x00000000d5800000,0x00000000d5800000,0x00000000dbb80000)
  from space 8192K, 99% used [0x00000000dc480000,0x00000000dcc75248,0x00000000dcc80000)
  to   space 9216K, 0% used [0x00000000dbb80000,0x00000000dbb80000,0x00000000dc480000)
 ParOldGen       total 58368K, used 8686K [0x0000000080800000, 0x0000000084100000, 0x00000000d5800000)
  object space 58368K, 14% used [0x0000000080800000,0x000000008107bb68,0x0000000084100000)
 Metaspace       used 28197K, capacity 30020K, committed 30336K, reserved 1075200K
  class space    used 3783K, capacity 4140K, committed 4224K, reserved 1048576K
}
Event: 2.863 GC heap before
{Heap before GC invocations=8 (full 1):
 PSYoungGen      total 110080K, used 97535K [0x00000000d5800000, 0x00000000dcf00000, 0x0000000100000000)
  eden space 101888K, 87% used [0x00000000d5800000,0x00000000daf4abd8,0x00000000dbb80000)
  from space 8192K, 99% used [0x00000000dc480000,0x00000000dcc75248,0x00000000dcc80000)
  to   space 9216K, 0% used [0x00000000dbb80000,0x00000000dbb80000,0x00000000dc480000)
 ParOldGen       total 58368K, used 8686K [0x0000000080800000, 0x0000000084100000, 0x00000000d5800000)
  object space 58368K, 14% used [0x0000000080800000,0x000000008107bb68,0x0000000084100000)
 Metaspace       used 33085K, capacity 35350K, committed 35456K, reserved 1079296K
  class space    used 4497K, capacity 4939K, committed 4992K, reserved 1048576K
Event: 2.874 GC heap after
Heap after GC invocations=8 (full 1):
 PSYoungGen      total 111104K, used 9208K [0x00000000d5800000, 0x00000000dcf00000, 0x0000000100000000)
  eden space 101888K, 0% used [0x00000000d5800000,0x00000000d5800000,0x00000000dbb80000)
  from space 9216K, 99% used [0x00000000dbb80000,0x00000000dc47e3e8,0x00000000dc480000)
  to   space 8192K, 0% used [0x00000000dc480000,0x00000000dc480000,0x00000000dcc80000)
 ParOldGen       total 58368K, used 10095K [0x0000000080800000, 0x0000000084100000, 0x00000000d5800000)
  object space 58368K, 17% used [0x0000000080800000,0x00000000811dbe60,0x0000000084100000)
 Metaspace       used 33085K, capacity 35350K, committed 35456K, reserved 1079296K
  class space    used 4497K, capacity 4939K, committed 4992K, reserved 1048576K
}
Event: 2.874 GC heap before
{Heap before GC invocations=9 (full 2):
 PSYoungGen      total 111104K, used 9208K [0x00000000d5800000, 0x00000000dcf00000, 0x0000000100000000)
  eden space 101888K, 0% used [0x00000000d5800000,0x00000000d5800000,0x00000000dbb80000)
  from space 9216K, 99% used [0x00000000dbb80000,0x00000000dc47e3e8,0x00000000dc480000)
  to   space 8192K, 0% used [0x00000000dc480000,0x00000000dc480000,0x00000000dcc80000)
 ParOldGen       total 58368K, used 10095K [0x0000000080800000, 0x0000000084100000, 0x00000000d5800000)
  object space 58368K, 17% used [0x0000000080800000,0x00000000811dbe60,0x0000000084100000)
 Metaspace       used 33085K, capacity 35350K, committed 35456K, reserved 1079296K
  class space    used 4497K, capacity 4939K, committed 4992K, reserved 1048576K
Event: 2.922 GC heap after
Heap after GC invocations=9 (full 2):
 PSYoungGen      total 111104K, used 0K [0x00000000d5800000, 0x00000000dcf00000, 0x0000000100000000)
  eden space 101888K, 0% used [0x00000000d5800000,0x00000000d5800000,0x00000000dbb80000)
  from space 9216K, 0% used [0x00000000dbb80000,0x00000000dbb80000,0x00000000dc480000)
  to   space 8192K, 0% used [0x00000000dc480000,0x00000000dc480000,0x00000000dcc80000)
 ParOldGen       total 94720K, used 14869K [0x0000000080800000, 0x0000000086480000, 0x00000000d5800000)
  object space 94720K, 15% used [0x0000000080800000,0x0000000081685608,0x0000000086480000)
 Metaspace       used 33085K, capacity 35350K, committed 35456K, reserved 1079296K
  class space    used 4497K, capacity 4939K, committed 4992K, reserved 1048576K
}

Deoptimization events (10 events):
Event: 2.940 Thread 0x0000014c97d46000 Uncommon trap: reason=unstable_if action=reinterpret pc=0x0000014c80666378 method=java.io.WinNTFileSystem.resolve(Ljava/lang/String;Ljava/lang/String;)Ljava/lang/String; @ 19
Event: 2.940 Thread 0x0000014cfb9f5800 Uncommon trap: reason=unstable_if action=reinterpret pc=0x0000014c8026e608 method=java.lang.AbstractStringBuilder.append(Ljava/lang/String;)Ljava/lang/AbstractStringBuilder; @ 1
Event: 2.948 Thread 0x0000014cfb9f5800 Uncommon trap: reason=class_check action=maybe_recompile pc=0x0000014c809739ac method=sun.reflect.generics.reflectiveObjects.TypeVariableImpl.hashCode()I @ 4
Event: 2.949 Thread 0x0000014cfb9f5800 Uncommon trap: reason=class_check action=maybe_recompile pc=0x0000014c809739ac method=sun.reflect.generics.reflectiveObjects.TypeVariableImpl.hashCode()I @ 4
Event: 2.965 Thread 0x0000014cfb9f5800 Uncommon trap: reason=class_check action=maybe_recompile pc=0x0000014c809149e4 method=java.util.concurrent.ConcurrentHashMap.putVal(Ljava/lang/Object;Ljava/lang/Object;Z)Ljava/lang/Object; @ 192
Event: 2.966 Thread 0x0000014cfb9f5800 Uncommon trap: reason=class_check action=maybe_recompile pc=0x0000014c809149e4 method=java.util.concurrent.ConcurrentHashMap.putVal(Ljava/lang/Object;Ljava/lang/Object;Z)Ljava/lang/Object; @ 192
Event: 2.980 Thread 0x0000014cfb9f5800 Uncommon trap: reason=class_check action=maybe_recompile pc=0x0000014c809149e4 method=java.util.concurrent.ConcurrentHashMap.putVal(Ljava/lang/Object;Ljava/lang/Object;Z)Ljava/lang/Object; @ 192
Event: 3.030 Thread 0x0000014cfb9f5800 Uncommon trap: reason=null_check action=make_not_entrant pc=0x0000014c80947a18 method=org.springframework.beans.factory.support.DefaultListableBeanFactory.getBeanDefinition(Ljava/lang/String;)Lorg/springframework/beans/factory/config/BeanDefinition; @ 10
Event: 3.264 Thread 0x0000014cfb9f5800 Uncommon trap: reason=range_check action=make_not_entrant pc=0x0000014c80bcdb34 method=java.util.zip.ZipUtils.get16([BI)I @ 10
Event: 3.269 Thread 0x0000014cfb9f5800 Uncommon trap: reason=unstable_if action=reinterpret pc=0x0000014c80603d30 method=java.lang.ClassLoader.getClassLoadingLock(Ljava/lang/String;)Ljava/lang/Object; @ 6

Classes redefined (0 events):
No events

Internal exceptions (10 events):
Event: 3.043 Thread 0x0000014cfb9f5800 Exception <a 'java/lang/ClassNotFoundException': org/springframework/beans/factory/AwareCustomizer> (0x00000000d68916b8) thrown at [C:\jenkins\workspace\8-2-build-windows-x64-cygwin\jdk8u341\2692\hotspot\src\share\vm\classfile\systemDictionary.cpp, line 2
Event: 3.044 Thread 0x0000014cfb9f5800 Exception <a 'java/lang/ClassNotFoundException': org/springframework/beans/factory/BeanFactoryAwareCustomizer> (0x00000000d68afa68) thrown at [C:\jenkins\workspace\8-2-build-windows-x64-cygwin\jdk8u341\2692\hotspot\src\share\vm\classfile\systemDictionary.
Event: 3.044 Thread 0x0000014cfb9f5800 Exception <a 'java/lang/ClassNotFoundException': org/springframework/beans/factory/AwareCustomizer> (0x00000000d68cb688) thrown at [C:\jenkins\workspace\8-2-build-windows-x64-cygwin\jdk8u341\2692\hotspot\src\share\vm\classfile\systemDictionary.cpp, line 2
Event: 3.044 Thread 0x0000014cfb9f5800 Exception <a 'java/lang/ClassNotFoundException': org/springframework/beans/factory/BeanNameAwareCustomizer> (0x00000000d68e8650) thrown at [C:\jenkins\workspace\8-2-build-windows-x64-cygwin\jdk8u341\2692\hotspot\src\share\vm\classfile\systemDictionary.cpp
Event: 3.045 Thread 0x0000014cfb9f5800 Exception <a 'java/lang/ClassNotFoundException': org/springframework/beans/factory/AwareCustomizer> (0x00000000d6903d68) thrown at [C:\jenkins\workspace\8-2-build-windows-x64-cygwin\jdk8u341\2692\hotspot\src\share\vm\classfile\systemDictionary.cpp, line 2
Event: 3.045 Thread 0x0000014cfb9f5800 Exception <a 'java/lang/ClassNotFoundException': org/springframework/beans/factory/InitializingBeanCustomizer> (0x00000000d6922118) thrown at [C:\jenkins\workspace\8-2-build-windows-x64-cygwin\jdk8u341\2692\hotspot\src\share\vm\classfile\systemDictionary.
Event: 3.045 Thread 0x0000014cfb9f5800 Exception <a 'java/lang/ClassNotFoundException': org/springframework/beans/factory/DisposableBeanCustomizer> (0x00000000d693f950) thrown at [C:\jenkins\workspace\8-2-build-windows-x64-cygwin\jdk8u341\2692\hotspot\src\share\vm\classfile\systemDictionary.cp
Event: 3.046 Thread 0x0000014cfb9f5800 Exception <a 'java/lang/ClassNotFoundException': org/springframework/orm/jpa/EntityManagerFactoryInfoCustomizer> (0x00000000d695f048) thrown at [C:\jenkins\workspace\8-2-build-windows-x64-cygwin\jdk8u341\2692\hotspot\src\share\vm\classfile\systemDictionar
Event: 3.046 Thread 0x0000014cfb9f5800 Exception <a 'java/lang/ClassNotFoundException': org/springframework/dao/support/PersistenceExceptionTranslatorCustomizer> (0x00000000d698e190) thrown at [C:\jenkins\workspace\8-2-build-windows-x64-cygwin\jdk8u341\2692\hotspot\src\share\vm\classfile\syste
Event: 3.251 Thread 0x0000014cfb9f5800 Exception <a 'java/lang/ClassNotFoundException': java/lang/Module> (0x00000000d76d5b28) thrown at [C:\jenkins\workspace\8-2-build-windows-x64-cygwin\jdk8u341\2692\hotspot\src\share\vm\classfile\systemDictionary.cpp, line 212]

Events (10 events):
Event: 3.396 loading class org/hibernate/annotations/common/util/StandardClassLoaderDelegateImpl
Event: 3.396 loading class org/hibernate/annotations/common/util/StandardClassLoaderDelegateImpl done
Event: 3.396 loading class org/hibernate/annotations/common/reflection/ClassLoadingException
Event: 3.396 loading class org/hibernate/annotations/common/reflection/ClassLoadingException done
Event: 3.396 loading class org/hibernate/annotations/common/reflection/java/TypeEnvironmentMap
Event: 3.396 loading class org/hibernate/annotations/common/reflection/java/TypeEnvironmentMap done
Event: 3.397 loading class org/hibernate/annotations/common/reflection/java/generics/TypeEnvironment
Event: 3.397 loading class org/hibernate/annotations/common/reflection/java/generics/TypeEnvironment done
Event: 3.397 loading class org/hibernate/annotations/common/reflection/java/generics/TypeEnvironment
Event: 3.397 loading class org/hibernate/annotations/common/reflection/java/generics/TypeEnvironment done


Dynamic libraries:
0x00007ff769e70000 - 0x00007ff769eb7000 	C:\Program Files\Java\jdk1.8.0_341\jre\bin\java.exe
0x00007ffddc350000 - 0x00007ffddc548000 	C:\WINDOWS\SYSTEM32\ntdll.dll
0x00007ffdda660000 - 0x00007ffdda71d000 	C:\WINDOWS\System32\KERNEL32.DLL
0x00007ffdd9b90000 - 0x00007ffdd9e62000 	C:\WINDOWS\System32\KERNELBASE.dll
0x00007ffdd6670000 - 0x00007ffdd6701000 	C:\WINDOWS\SYSTEM32\apphelp.dll
0x00007ffddb940000 - 0x00007ffddb9ee000 	C:\WINDOWS\System32\ADVAPI32.dll
0x00007ffdda910000 - 0x00007ffdda9ae000 	C:\WINDOWS\System32\msvcrt.dll
0x00007ffddbef0000 - 0x00007ffddbf8c000 	C:\WINDOWS\System32\sechost.dll
0x00007ffdda9b0000 - 0x00007ffddaad5000 	C:\WINDOWS\System32\RPCRT4.dll
0x00007ffddba50000 - 0x00007ffddbbed000 	C:\WINDOWS\System32\USER32.dll
0x00007ffdd9f00000 - 0x00007ffdd9f22000 	C:\WINDOWS\System32\win32u.dll
0x00007ffdda4e0000 - 0x00007ffdda50b000 	C:\WINDOWS\System32\GDI32.dll
0x00007ffdda090000 - 0x00007ffdda19f000 	C:\WINDOWS\System32\gdi32full.dll
0x00007ffdd9ff0000 - 0x00007ffdda08d000 	C:\WINDOWS\System32\msvcp_win.dll
0x00007ffdd9a90000 - 0x00007ffdd9b90000 	C:\WINDOWS\System32\ucrtbase.dll
0x00007ffdd8e70000 - 0x00007ffdd910a000 	C:\WINDOWS\WinSxS\amd64_microsoft.windows.common-controls_6595b64144ccf1df_6.0.19041.1110_none_60b5254171f9507e\COMCTL32.dll
0x00007ffdda510000 - 0x00007ffdda540000 	C:\WINDOWS\System32\IMM32.DLL
0x00007ffdd1c30000 - 0x00007ffdd1c45000 	C:\Program Files\Java\jdk1.8.0_341\jre\bin\vcruntime140.dll
0x00007ffdac810000 - 0x00007ffdac8ab000 	C:\Program Files\Java\jdk1.8.0_341\jre\bin\msvcp140.dll
0x0000000076200000 - 0x0000000076a61000 	C:\Program Files\Java\jdk1.8.0_341\jre\bin\server\jvm.dll
0x00007ffddb2e0000 - 0x00007ffddb2e8000 	C:\WINDOWS\System32\PSAPI.DLL
0x00007ffdd2200000 - 0x00007ffdd2209000 	C:\WINDOWS\SYSTEM32\WSOCK32.dll
0x00007ffdd2ca0000 - 0x00007ffdd2caa000 	C:\WINDOWS\SYSTEM32\VERSION.dll
0x00007ffdccce0000 - 0x00007ffdccd07000 	C:\WINDOWS\SYSTEM32\WINMM.dll
0x00007ffddb780000 - 0x00007ffddb7eb000 	C:\WINDOWS\System32\WS2_32.dll
0x00007ffdd6a70000 - 0x00007ffdd6a82000 	C:\WINDOWS\SYSTEM32\kernel.appcore.dll
0x00007ffdd1c20000 - 0x00007ffdd1c30000 	C:\Program Files\Java\jdk1.8.0_341\jre\bin\verify.dll
0x00007ffdb56c0000 - 0x00007ffdb56eb000 	C:\Program Files\Java\jdk1.8.0_341\jre\bin\java.dll
0x00007ffdc8af0000 - 0x00007ffdc8b08000 	C:\Program Files\Java\jdk1.8.0_341\jre\bin\zip.dll
0x00007ffddaae0000 - 0x00007ffddb223000 	C:\WINDOWS\System32\SHELL32.dll
0x00007ffdd6e50000 - 0x00007ffdd75e1000 	C:\WINDOWS\SYSTEM32\windows.storage.dll
0x00007ffddbfb0000 - 0x00007ffddc304000 	C:\WINDOWS\System32\combase.dll
0x00007ffdd8dd0000 - 0x00007ffdd8e00000 	C:\WINDOWS\SYSTEM32\Wldp.dll
0x00007ffddb230000 - 0x00007ffddb2dd000 	C:\WINDOWS\System32\SHCORE.dll
0x00007ffddbbf0000 - 0x00007ffddbc45000 	C:\WINDOWS\System32\shlwapi.dll
0x00007ffdd99a0000 - 0x00007ffdd99bf000 	C:\WINDOWS\SYSTEM32\profapi.dll
0x00007ffdc6f40000 - 0x00007ffdc6f4d000 	C:\Program Files\Java\jdk1.8.0_341\jre\bin\management.dll
0x00007ffdc2430000 - 0x00007ffdc244c000 	C:\Program Files\Java\jdk1.8.0_341\jre\bin\net.dll
0x00007ffdd8ca0000 - 0x00007ffdd8d0a000 	C:\WINDOWS\system32\mswsock.dll
0x00007ffdbfc40000 - 0x00007ffdbfc53000 	C:\Program Files\Java\jdk1.8.0_341\jre\bin\nio.dll
0x00007ffdc06d0000 - 0x00007ffdc06e7000 	C:\WINDOWS\system32\napinsp.dll
0x00007ffdc06b0000 - 0x00007ffdc06cb000 	C:\WINDOWS\system32\pnrpnsp.dll
0x00007ffdc0690000 - 0x00007ffdc06a5000 	C:\WINDOWS\system32\wshbth.dll
0x00007ffdd4800000 - 0x00007ffdd481d000 	C:\WINDOWS\system32\NLAapi.dll
0x00007ffdd87b0000 - 0x00007ffdd87eb000 	C:\WINDOWS\SYSTEM32\IPHLPAPI.DLL
0x00007ffdd87f0000 - 0x00007ffdd88ba000 	C:\WINDOWS\SYSTEM32\DNSAPI.dll
0x00007ffddb300000 - 0x00007ffddb308000 	C:\WINDOWS\System32\NSI.dll
0x00007ffdc0670000 - 0x00007ffdc0682000 	C:\WINDOWS\System32\winrnr.dll
0x00007ffdcd5a0000 - 0x00007ffdcd5aa000 	C:\Windows\System32\rasadhlp.dll
0x00007ffdce340000 - 0x00007ffdce3c0000 	C:\WINDOWS\System32\fwpuclnt.dll
0x00007ffdd9a60000 - 0x00007ffdd9a87000 	C:\WINDOWS\System32\bcrypt.dll
0x00007ffdd97f0000 - 0x00007ffdd9808000 	C:\WINDOWS\SYSTEM32\CRYPTSP.dll
0x00007ffdd8440000 - 0x00007ffdd8474000 	C:\WINDOWS\system32\rsaenh.dll
0x00007ffdd9250000 - 0x00007ffdd9434000 	C:\WINDOWS\SYSTEM32\dbghelp.dll
0x00007ffdd9e70000 - 0x00007ffdd9ef2000 	C:\WINDOWS\System32\bcryptPrimitives.dll
0x00007ffdd9920000 - 0x00007ffdd994e000 	C:\WINDOWS\SYSTEM32\USERENV.dll
0x00007ffdd2600000 - 0x00007ffdd2617000 	C:\WINDOWS\SYSTEM32\dhcpcsvc6.DLL
0x00007ffdd2520000 - 0x00007ffdd253d000 	C:\WINDOWS\SYSTEM32\dhcpcsvc.DLL

VM Arguments:
java_command: C:\Users\Usuario\AppData\Local\Temp\surefire2528110669660886287\surefirebooter6025102642318198054.jar C:\Users\Usuario\AppData\Local\Temp\surefire2528110669660886287 2023-01-15T23-03-43_038-jvmRun1 surefire6413701109636926671tmp surefire_0840042220420849634tmp
java_class_path (initial): C:\Users\Usuario\AppData\Local\Temp\surefire2528110669660886287\surefirebooter6025102642318198054.jar
Launcher Type: SUN_STANDARD

Environment Variables:
JAVA_HOME=C:\Program Files\Java\jdk1.8.0_341
PATH=C:\Program Files (x86)\Common Files\Oracle\Java\javapath;C:\Python39\Scripts\;C:\Python39\;C:\Program Files (x86)\Common Files\Intel\Shared Libraries\redist\intel64\compiler;C:\WINDOWS\system32;C:\WINDOWS;C:\WINDOWS\System32\Wbem;C:\WINDOWS\System32\WindowsPowerShell\v1.0\;C:\WINDOWS\System32\OpenSSH\;C:\Program Files (x86)\Windows Live\Shared;C:\Program Files\dotnet\;C:\Program Files\Microsoft SQL Server\130\Tools\Binn\;C:\Program Files (x86)\dotnet\;C:\ProgramData\chocolatey\bin;C:\Program Files\Git\cmd;C:\Program Files\nodejs\;D:\Documentos\Scripts\;D:\Documentos\;C:\Users\Usuario\AppData\Local\Microsoft\WindowsApps;D:\Documentos\PyCharm Community Edition 2019.3.3\bin;C:\Users\Usuario\.dotnet\tools;C:\Users\Usuario\AppData\Local\GitHubDesktop\bin;C:\Users\Usuario\AppData\Local\Programs\Microsoft VS Code\bin;C:\Users\Usuario\AppData\Roaming\npm
USERNAME=Usuario
OS=Windows_NT
PROCESSOR_IDENTIFIER=Intel64 Family 6 Model 158 Stepping 9, GenuineIntel



---------------  S Y S T E M  ---------------

OS: Windows 10 , 64 bit Build 19041 (10.0.19041.1889)

CPU:total 4 (initial active 4) (4 cores per cpu, 1 threads per core) family 6 model 158 stepping 9, cmov, cx8, fxsr, mmx, sse, sse2, sse3, ssse3, sse4.1, sse4.2, popcnt, avx, avx2, aes, clmul, erms, 3dnowpref, lzcnt, tsc, tscinvbit, bmi1, bmi2, adx

Memory: 4k page, physical 8351888k(669452k free), swap 18837648k(6268k free)

vm_info: Java HotSpot(TM) 64-Bit Server VM (25.341-b10) for windows-amd64 JRE (1.8.0_341-b10), built on Jun 16 2022 15:51:07 by "java_re" with MS VC++ 15.9 (VS2017)

time: Sun Jan 15 23:03:47 2023
timezone: Hora estándar de Argentina
elapsed time: 3.912144 seconds (0d 0h 0m 3s)

