#
# There is insufficient memory for the Java Runtime Environment to continue.
# Native memory allocation (malloc) failed to allocate 1499856 bytes for Chunk::new
# Possible reasons:
#   The system is out of physical RAM or swap space
#   The process is running with CompressedOops enabled, and the Java Heap may be blocking the growth of the native heap
# Possible solutions:
#   Reduce memory load on the system
#   Increase physical memory or swap space
#   Check if swap backing store is full
#   Decrease Java heap size (-Xmx/-Xms)
#   Decrease number of Java threads
#   Decrease Java thread stack sizes (-Xss)
#   Set larger code cache with -XX:ReservedCodeCacheSize=
#   JVM is running with Unscaled Compressed Oops mode in which the Java heap is
#     placed in the first 4GB address space. The Java Heap base address is the
#     maximum limit for the native heap growth. Please use -XX:HeapBaseMinAddress
#     to set the Java Heap base and to place the Java Heap above 4GB virtual address.
# This output file may be truncated or incomplete.
#
#  Out of Memory Error (allocation.cpp:389), pid=18088, tid=0x000000000000456c
#
# JRE version: Java(TM) SE Runtime Environment (8.0_341-b10) (build 1.8.0_341-b10)
# Java VM: Java HotSpot(TM) 64-Bit Server VM (25.341-b10 mixed mode windows-amd64 compressed oops)
# Failed to write core dump. Minidumps are not enabled by default on client versions of Windows
#

---------------  T H R E A D  ---------------

Current thread (0x000001ecfb8a3800):  JavaThread "C2 CompilerThread1" daemon [_thread_in_native, id=17772, stack(0x00000073cc700000,0x00000073cc800000)]

Stack: [0x00000073cc700000,0x00000073cc800000]
Native frames: (J=compiled Java code, j=interpreted, Vv=VM code, C=native code)
V  [jvm.dll+0x32fa99]
V  [jvm.dll+0x275ff2]
V  [jvm.dll+0x276c9d]
V  [jvm.dll+0x26d645]
V  [jvm.dll+0xd583c]
V  [jvm.dll+0xd603c]
V  [jvm.dll+0x4714c3]
V  [jvm.dll+0x438d38]
V  [jvm.dll+0x441b85]
V  [jvm.dll+0x440f45]
V  [jvm.dll+0x42bceb]
V  [jvm.dll+0xac68b]
V  [jvm.dll+0xaaceb]
V  [jvm.dll+0x23e542]
V  [jvm.dll+0x292d2c]
C  [ucrtbase.dll+0x21bb2]
C  [KERNEL32.DLL+0x17034]
C  [ntdll.dll+0x526a1]


Current CompileTask:
C2:   3053 3009       4       org.springframework.beans.factory.support.AbstractBeanFactory::isTypeMatch (607 bytes)


---------------  P R O C E S S  ---------------

Java Threads: ( => current thread )
  0x000001ecfc860000 JavaThread "mysql-cj-abandoned-connection-cleanup" daemon [_thread_blocked, id=11912, stack(0x00000073ccd00000,0x00000073cce00000)]
  0x000001ecfc57a800 JavaThread "surefire-forkedjvm-ping-30s" daemon [_thread_in_native, id=8072, stack(0x00000073ccc00000,0x00000073ccd00000)]
  0x000001ecfb951800 JavaThread "surefire-forkedjvm-command-thread" daemon [_thread_in_native, id=11940, stack(0x00000073ccb00000,0x00000073ccc00000)]
  0x000001ecfb8a7800 JavaThread "Service Thread" daemon [_thread_blocked, id=18268, stack(0x00000073cc900000,0x00000073cca00000)]
  0x000001ecfb8a4800 JavaThread "C1 CompilerThread2" daemon [_thread_blocked, id=2836, stack(0x00000073cc800000,0x00000073cc900000)]
=>0x000001ecfb8a3800 JavaThread "C2 CompilerThread1" daemon [_thread_in_native, id=17772, stack(0x00000073cc700000,0x00000073cc800000)]
  0x000001ecfb850000 JavaThread "C2 CompilerThread0" daemon [_thread_in_native, id=12268, stack(0x00000073cc600000,0x00000073cc700000)]
  0x000001ecfb84d000 JavaThread "Attach Listener" daemon [_thread_blocked, id=14580, stack(0x00000073cc500000,0x00000073cc600000)]
  0x000001ecfb84c000 JavaThread "Signal Dispatcher" daemon [_thread_blocked, id=3612, stack(0x00000073cc400000,0x00000073cc500000)]
  0x000001ecfb0f5800 JavaThread "Finalizer" daemon [_thread_blocked, id=12804, stack(0x00000073cc300000,0x00000073cc400000)]
  0x000001ecfb826000 JavaThread "Reference Handler" daemon [_thread_blocked, id=9200, stack(0x00000073cc200000,0x00000073cc300000)]
  0x000001ecf4066800 JavaThread "main" [_thread_in_native, id=13860, stack(0x00000073cbb00000,0x00000073cbc00000)]

Other Threads:
  0x000001ecfb803800 VMThread [stack: 0x00000073cc100000,0x00000073cc200000] [id=360]
  0x000001ecfb8ab000 WatcherThread [stack: 0x00000073cca00000,0x00000073ccb00000] [id=8392]

VM state:not at safepoint (normal execution)

VM Mutex/Monitor currently owned by a thread: None

heap address: 0x0000000080800000, size: 2040 MB, Compressed Oops mode: 32-bit
Narrow klass base: 0x0000000000000000, Narrow klass shift: 3
Compressed class space size: 1073741824 Address: 0x0000000100000000

Heap:
 PSYoungGen      total 111616K, used 13432K [0x00000000d5800000, 0x00000000dce80000, 0x0000000100000000)
  eden space 102400K, 13% used [0x00000000d5800000,0x00000000d651e160,0x00000000dbc00000)
  from space 9216K, 0% used [0x00000000dbc00000,0x00000000dbc00000,0x00000000dc500000)
  to   space 8192K, 0% used [0x00000000dc500000,0x00000000dc500000,0x00000000dcd00000)
 ParOldGen       total 95232K, used 14791K [0x0000000080800000, 0x0000000086500000, 0x00000000d5800000)
  object space 95232K, 15% used [0x0000000080800000,0x0000000081671ce8,0x0000000086500000)
 Metaspace       used 33443K, capacity 35754K, committed 35968K, reserved 1081344K
  class space    used 4557K, capacity 4983K, committed 4992K, reserved 1048576K

Card table byte_map: [0x000001ecf5d60000,0x000001ecf6160000] byte_map_base: 0x000001ecf595c000

Marking Bits: (ParMarkBitMap*) 0x00000000769e9030
 Begin Bits: [0x000001ecf6410000, 0x000001ecf83f0000)
 End Bits:   [0x000001ecf83f0000, 0x000001ecfa3d0000)

Polling page: 0x000001ecf3fe0000

CodeCache: size=245760Kb used=11535Kb max_used=11535Kb free=234224Kb
 bounds [0x000001ec80000000, 0x000001ec80b50000, 0x000001ec8f000000]
 total_blobs=3654 nmethods=3251 adapters=315
 compilation: enabled

Compilation events (10 events):
Event: 3.023 Thread 0x000001ecfb8a4800 3253       3       org.springframework.security.access.intercept.aopalliance.MethodSecurityMetadataSourceAdvisor$MethodSecurityMetadataSourcePointcut::matches (28 bytes)
Event: 3.023 Thread 0x000001ecfb8a4800 nmethod 3253 0x000001ec80b41bd0 code [0x000001ec80b41d60, 0x000001ec80b421a0]
Event: 3.023 Thread 0x000001ecfb8a4800 3255       3       org.springframework.security.access.method.DelegatingMethodSecurityMetadataSource$DefaultCacheKey::<init> (15 bytes)
Event: 3.023 Thread 0x000001ecfb8a4800 nmethod 3255 0x000001ec80b42350 code [0x000001ec80b424a0, 0x000001ec80b42678]
Event: 3.023 Thread 0x000001ecfb8a4800 3256       3       org.springframework.security.access.prepost.PrePostAnnotationSecurityMetadataSource::getAttributes (249 bytes)
Event: 3.024 Thread 0x000001ecfb8a4800 nmethod 3256 0x000001ec80b42750 code [0x000001ec80b42a20, 0x000001ec80b43c30]
Event: 3.024 Thread 0x000001ecfb8a4800 3258   !   3       org.springframework.util.ReflectionUtils::doWithLocalMethods (89 bytes)
Event: 3.025 Thread 0x000001ecfb8a4800 nmethod 3258 0x000001ec80b44490 code [0x000001ec80b446e0, 0x000001ec80b45610]
Event: 3.025 Thread 0x000001ecfb8a4800 3259       3       java.io.WinNTFileSystem::resolve (231 bytes)
Event: 3.026 Thread 0x000001ecfb8a4800 nmethod 3259 0x000001ec80b45e10 code [0x000001ec80b460e0, 0x000001ec80b47ad0]

GC Heap History (10 events):
Event: 1.503 GC heap before
{Heap before GC invocations=5 (full 1):
 PSYoungGen      total 71680K, used 5091K [0x00000000d5800000, 0x00000000da300000, 0x0000000100000000)
  eden space 66560K, 0% used [0x00000000d5800000,0x00000000d5800000,0x00000000d9900000)
  from space 5120K, 99% used [0x00000000d9e00000,0x00000000da2f8d30,0x00000000da300000)
  to   space 5120K, 0% used [0x00000000d9900000,0x00000000d9900000,0x00000000d9e00000)
 ParOldGen       total 87552K, used 3812K [0x0000000080800000, 0x0000000085d80000, 0x00000000d5800000)
  object space 87552K, 4% used [0x0000000080800000,0x0000000080bb9128,0x0000000085d80000)
 Metaspace       used 19667K, capacity 21216K, committed 21296K, reserved 1067008K
  class space    used 2613K, capacity 2924K, committed 2944K, reserved 1048576K
Event: 1.523 GC heap after
Heap after GC invocations=5 (full 1):
 PSYoungGen      total 71680K, used 0K [0x00000000d5800000, 0x00000000da300000, 0x0000000100000000)
  eden space 66560K, 0% used [0x00000000d5800000,0x00000000d5800000,0x00000000d9900000)
  from space 5120K, 0% used [0x00000000d9e00000,0x00000000d9e00000,0x00000000da300000)
  to   space 5120K, 0% used [0x00000000d9900000,0x00000000d9900000,0x00000000d9e00000)
 ParOldGen       total 58368K, used 7045K [0x0000000080800000, 0x0000000084100000, 0x00000000d5800000)
  object space 58368K, 12% used [0x0000000080800000,0x0000000080ee1538,0x0000000084100000)
 Metaspace       used 19667K, capacity 21216K, committed 21296K, reserved 1067008K
  class space    used 2613K, capacity 2924K, committed 2944K, reserved 1048576K
}
Event: 1.818 GC heap before
{Heap before GC invocations=6 (full 1):
 PSYoungGen      total 71680K, used 66560K [0x00000000d5800000, 0x00000000da300000, 0x0000000100000000)
  eden space 66560K, 100% used [0x00000000d5800000,0x00000000d9900000,0x00000000d9900000)
  from space 5120K, 0% used [0x00000000d9e00000,0x00000000d9e00000,0x00000000da300000)
  to   space 5120K, 0% used [0x00000000d9900000,0x00000000d9900000,0x00000000d9e00000)
 ParOldGen       total 58368K, used 7045K [0x0000000080800000, 0x0000000084100000, 0x00000000d5800000)
  object space 58368K, 12% used [0x0000000080800000,0x0000000080ee1538,0x0000000084100000)
 Metaspace       used 24608K, capacity 26238K, committed 26496K, reserved 1073152K
  class space    used 3289K, capacity 3601K, committed 3712K, reserved 1048576K
Event: 1.823 GC heap after
Heap after GC invocations=6 (full 1):
 PSYoungGen      total 71680K, used 5112K [0x00000000d5800000, 0x00000000dcd00000, 0x0000000100000000)
  eden space 66560K, 0% used [0x00000000d5800000,0x00000000d5800000,0x00000000d9900000)
  from space 5120K, 99% used [0x00000000d9900000,0x00000000d9dfe2a8,0x00000000d9e00000)
  to   space 8192K, 0% used [0x00000000dc500000,0x00000000dc500000,0x00000000dcd00000)
 ParOldGen       total 58368K, used 8823K [0x0000000080800000, 0x0000000084100000, 0x00000000d5800000)
  object space 58368K, 15% used [0x0000000080800000,0x000000008109df78,0x0000000084100000)
 Metaspace       used 24608K, capacity 26238K, committed 26496K, reserved 1073152K
  class space    used 3289K, capacity 3601K, committed 3712K, reserved 1048576K
}
Event: 2.201 GC heap before
{Heap before GC invocations=7 (full 1):
 PSYoungGen      total 71680K, used 71672K [0x00000000d5800000, 0x00000000dcd00000, 0x0000000100000000)
  eden space 66560K, 100% used [0x00000000d5800000,0x00000000d9900000,0x00000000d9900000)
  from space 5120K, 99% used [0x00000000d9900000,0x00000000d9dfe2a8,0x00000000d9e00000)
  to   space 8192K, 0% used [0x00000000dc500000,0x00000000dc500000,0x00000000dcd00000)
 ParOldGen       total 58368K, used 8823K [0x0000000080800000, 0x0000000084100000, 0x00000000d5800000)
  object space 58368K, 15% used [0x0000000080800000,0x000000008109df78,0x0000000084100000)
 Metaspace       used 28241K, capacity 30016K, committed 30336K, reserved 1075200K
  class space    used 3791K, capacity 4140K, committed 4224K, reserved 1048576K
Event: 2.206 GC heap after
Heap after GC invocations=7 (full 1):
 PSYoungGen      total 110592K, used 7928K [0x00000000d5800000, 0x00000000dce80000, 0x0000000100000000)
  eden space 102400K, 0% used [0x00000000d5800000,0x00000000d5800000,0x00000000dbc00000)
  from space 8192K, 96% used [0x00000000dc500000,0x00000000dccbe298,0x00000000dcd00000)
  to   space 9216K, 0% used [0x00000000dbc00000,0x00000000dbc00000,0x00000000dc500000)
 ParOldGen       total 58368K, used 8831K [0x0000000080800000, 0x0000000084100000, 0x00000000d5800000)
  object space 58368K, 15% used [0x0000000080800000,0x000000008109ff78,0x0000000084100000)
 Metaspace       used 28241K, capacity 30016K, committed 30336K, reserved 1075200K
  class space    used 3791K, capacity 4140K, committed 4224K, reserved 1048576K
}
Event: 2.886 GC heap before
{Heap before GC invocations=8 (full 1):
 PSYoungGen      total 110592K, used 97383K [0x00000000d5800000, 0x00000000dce80000, 0x0000000100000000)
  eden space 102400K, 87% used [0x00000000d5800000,0x00000000daf5bbf8,0x00000000dbc00000)
  from space 8192K, 96% used [0x00000000dc500000,0x00000000dccbe298,0x00000000dcd00000)
  to   space 9216K, 0% used [0x00000000dbc00000,0x00000000dbc00000,0x00000000dc500000)
 ParOldGen       total 58368K, used 8831K [0x0000000080800000, 0x0000000084100000, 0x00000000d5800000)
  object space 58368K, 15% used [0x0000000080800000,0x000000008109ff78,0x0000000084100000)
 Metaspace       used 33063K, capacity 35350K, committed 35456K, reserved 1079296K
  class space    used 4499K, capacity 4939K, committed 4992K, reserved 1048576K
Event: 2.899 GC heap after
Heap after GC invocations=8 (full 1):
 PSYoungGen      total 111616K, used 9199K [0x00000000d5800000, 0x00000000dce80000, 0x0000000100000000)
  eden space 102400K, 0% used [0x00000000d5800000,0x00000000d5800000,0x00000000dbc00000)
  from space 9216K, 99% used [0x00000000dbc00000,0x00000000dc4fbd88,0x00000000dc500000)
  to   space 8192K, 0% used [0x00000000dc500000,0x00000000dc500000,0x00000000dcd00000)
 ParOldGen       total 58368K, used 10179K [0x0000000080800000, 0x0000000084100000, 0x00000000d5800000)
  object space 58368K, 17% used [0x0000000080800000,0x00000000811f0f98,0x0000000084100000)
 Metaspace       used 33063K, capacity 35350K, committed 35456K, reserved 1079296K
  class space    used 4499K, capacity 4939K, committed 4992K, reserved 1048576K
}
Event: 2.899 GC heap before
{Heap before GC invocations=9 (full 2):
 PSYoungGen      total 111616K, used 9199K [0x00000000d5800000, 0x00000000dce80000, 0x0000000100000000)
  eden space 102400K, 0% used [0x00000000d5800000,0x00000000d5800000,0x00000000dbc00000)
  from space 9216K, 99% used [0x00000000dbc00000,0x00000000dc4fbd88,0x00000000dc500000)
  to   space 8192K, 0% used [0x00000000dc500000,0x00000000dc500000,0x00000000dcd00000)
 ParOldGen       total 58368K, used 10179K [0x0000000080800000, 0x0000000084100000, 0x00000000d5800000)
  object space 58368K, 17% used [0x0000000080800000,0x00000000811f0f98,0x0000000084100000)
 Metaspace       used 33063K, capacity 35350K, committed 35456K, reserved 1079296K
  class space    used 4499K, capacity 4939K, committed 4992K, reserved 1048576K
Event: 2.945 GC heap after
Heap after GC invocations=9 (full 2):
 PSYoungGen      total 111616K, used 0K [0x00000000d5800000, 0x00000000dce80000, 0x0000000100000000)
  eden space 102400K, 0% used [0x00000000d5800000,0x00000000d5800000,0x00000000dbc00000)
  from space 9216K, 0% used [0x00000000dbc00000,0x00000000dbc00000,0x00000000dc500000)
  to   space 8192K, 0% used [0x00000000dc500000,0x00000000dc500000,0x00000000dcd00000)
 ParOldGen       total 95232K, used 14791K [0x0000000080800000, 0x0000000086500000, 0x00000000d5800000)
  object space 95232K, 15% used [0x0000000080800000,0x0000000081671ce8,0x0000000086500000)
 Metaspace       used 33063K, capacity 35350K, committed 35456K, reserved 1079296K
  class space    used 4499K, capacity 4939K, committed 4992K, reserved 1048576K
}

Deoptimization events (10 events):
Event: 2.963 Thread 0x000001ecfc860000 Uncommon trap: reason=unstable_if action=reinterpret pc=0x000001ec80242778 method=java.util.zip.ZipCoder.getBytes(Ljava/lang/String;)[B @ 32
Event: 2.963 Thread 0x000001ecfc860000 Uncommon trap: reason=unstable_if action=reinterpret pc=0x000001ec8048bfb4 method=java.util.zip.ZipCoder.getBytes(Ljava/lang/String;)[B @ 32
Event: 2.963 Thread 0x000001ecfc860000 Uncommon trap: reason=unstable_if action=reinterpret pc=0x000001ec80659944 method=java.net.URL.<init>(Ljava/net/URL;Ljava/lang/String;Ljava/net/URLStreamHandler;)V @ 57
Event: 2.963 Thread 0x000001ecfc860000 Uncommon trap: reason=unstable_if action=reinterpret pc=0x000001ec8051e83c method=java.net.URLStreamHandler.parseURL(Ljava/net/URL;Ljava/lang/String;II)V @ 57
Event: 2.963 Thread 0x000001ecfc860000 Uncommon trap: reason=unstable_if action=reinterpret pc=0x000001ec80642638 method=java.io.WinNTFileSystem.resolve(Ljava/lang/String;Ljava/lang/String;)Ljava/lang/String; @ 19
Event: 2.964 Thread 0x000001ecf4066800 Uncommon trap: reason=unstable_if action=reinterpret pc=0x000001ec802944d8 method=java.lang.AbstractStringBuilder.append(Ljava/lang/String;)Ljava/lang/AbstractStringBuilder; @ 1
Event: 2.970 Thread 0x000001ecf4066800 Uncommon trap: reason=class_check action=maybe_recompile pc=0x000001ec80902f2c method=sun.reflect.generics.reflectiveObjects.TypeVariableImpl.hashCode()I @ 4
Event: 2.971 Thread 0x000001ecf4066800 Uncommon trap: reason=class_check action=maybe_recompile pc=0x000001ec80902f2c method=sun.reflect.generics.reflectiveObjects.TypeVariableImpl.hashCode()I @ 4
Event: 2.985 Thread 0x000001ecf4066800 Uncommon trap: reason=class_check action=maybe_recompile pc=0x000001ec807955e8 method=java.util.concurrent.ConcurrentHashMap.putVal(Ljava/lang/Object;Ljava/lang/Object;Z)Ljava/lang/Object; @ 192
Event: 2.986 Thread 0x000001ecf4066800 Uncommon trap: reason=class_check action=maybe_recompile pc=0x000001ec807955e8 method=java.util.concurrent.ConcurrentHashMap.putVal(Ljava/lang/Object;Ljava/lang/Object;Z)Ljava/lang/Object; @ 192

Classes redefined (0 events):
No events

Internal exceptions (10 events):
Event: 3.009 Thread 0x000001ecf4066800 Exception <a 'java/lang/ClassNotFoundException': java/lang/ObjectCustomizer> (0x00000000d620c838) thrown at [C:\jenkins\workspace\8-2-build-windows-x64-cygwin\jdk8u341\2692\hotspot\src\share\vm\classfile\systemDictionary.cpp, line 212]
Event: 3.016 Thread 0x000001ecf4066800 Exception <a 'java/lang/ClassNotFoundException': java/lang/ObjectCustomizer> (0x00000000d62726b0) thrown at [C:\jenkins\workspace\8-2-build-windows-x64-cygwin\jdk8u341\2692\hotspot\src\share\vm\classfile\systemDictionary.cpp, line 212]
Event: 3.017 Thread 0x000001ecf4066800 Exception <a 'java/lang/ClassNotFoundException': org/springframework/boot/autoconfigure/jdbc/metadata/DataSourcePoolMetadataProvidersConfiguration$HikariPoolDataSourceMetadataProviderConfigurationCustomizer> (0x00000000d62b49e0) thrown at [C:\jenkins\work
Event: 3.021 Thread 0x000001ecf4066800 Exception <a 'java/lang/ClassNotFoundException': java/lang/ObjectCustomizer> (0x00000000d62c9640) thrown at [C:\jenkins\workspace\8-2-build-windows-x64-cygwin\jdk8u341\2692\hotspot\src\share\vm\classfile\systemDictionary.cpp, line 212]
Event: 3.021 Thread 0x000001ecf4066800 Exception <a 'java/lang/ClassNotFoundException': org.springframework.boot.autoconfigure.jdbc.metadata.DataSourcePoolMetadataProvidersConfiguration$HikariPoolDataSourceMetadataProviderConfiguration$$Lambda$726/615830852Customizer> (0x00000000d62ce5d8) thro
Event: 3.021 Thread 0x000001ecf4066800 Exception <a 'java/lang/ClassNotFoundException': org.springframework.boot.autoconfigure.jdbc.metadata.DataSourcePoolMetadataProvidersConfiguration$HikariPoolDataSourceMetadataProviderConfiguration$$Lambda$726/615830852Customizer> (0x00000000d62cf118) thro
Event: 3.021 Thread 0x000001ecf4066800 Exception <a 'java/lang/ClassNotFoundException': org.springframework.boot.autoconfigure.jdbc.metadata.DataSourcePoolMetadataProvidersConfiguration$HikariPoolDataSourceMetadataProviderConfiguration$$Lambda$726/615830852Customizer> (0x00000000d62cfc58) thro
Event: 3.022 Thread 0x000001ecf4066800 Exception <a 'java/lang/ClassNotFoundException': org/springframework/boot/jdbc/metadata/DataSourcePoolMetadataProviderCustomizer> (0x00000000d62f7940) thrown at [C:\jenkins\workspace\8-2-build-windows-x64-cygwin\jdk8u341\2692\hotspot\src\share\vm\classfil
Event: 3.024 Thread 0x000001ecf4066800 Exception <a 'java/lang/ClassNotFoundException': java/lang/ObjectCustomizer> (0x00000000d632c278) thrown at [C:\jenkins\workspace\8-2-build-windows-x64-cygwin\jdk8u341\2692\hotspot\src\share\vm\classfile\systemDictionary.cpp, line 212]
Event: 3.025 Thread 0x000001ecf4066800 Exception <a 'java/lang/ClassNotFoundException': org/springframework/boot/autoconfigure/orm/jpa/JpaBaseConfigurationCustomizer> (0x00000000d6353a00) thrown at [C:\jenkins\workspace\8-2-build-windows-x64-cygwin\jdk8u341\2692\hotspot\src\share\vm\classfile\

Events (10 events):
Event: 3.025 loading class org/springframework/boot/autoconfigure/orm/jpa/JpaBaseConfigurationCustomizer
Event: 3.025 loading class org/springframework/boot/autoconfigure/orm/jpa/JpaBaseConfigurationCustomizer done
Event: 3.025 loading class org/springframework/boot/autoconfigure/orm/jpa/JpaBaseConfigurationCustomizer
Event: 3.025 loading class org/springframework/boot/autoconfigure/orm/jpa/JpaBaseConfigurationCustomizer done
Event: 3.025 loading class org/springframework/orm/jpa/persistenceunit/PersistenceUnitManager
Event: 3.025 loading class org/springframework/orm/jpa/persistenceunit/PersistenceUnitManager done
Event: 3.025 loading class org/springframework/boot/autoconfigure/orm/jpa/HibernateJpaConfigurationCustomizer
Event: 3.025 loading class org/springframework/boot/autoconfigure/orm/jpa/HibernateJpaConfigurationCustomizer done
Event: 3.026 loading class org/springframework/boot/autoconfigure/orm/jpa/HibernateJpaConfigurationCustomizer
Event: 3.026 loading class org/springframework/boot/autoconfigure/orm/jpa/HibernateJpaConfigurationCustomizer done


Dynamic libraries:
0x00007ff769e70000 - 0x00007ff769eb7000 	C:\Program Files\Java\jdk1.8.0_341\jre\bin\java.exe
0x00007ffddc350000 - 0x00007ffddc548000 	C:\WINDOWS\SYSTEM32\ntdll.dll
0x00007ffdda660000 - 0x00007ffdda71d000 	C:\WINDOWS\System32\KERNEL32.DLL
0x00007ffdd9b90000 - 0x00007ffdd9e62000 	C:\WINDOWS\System32\KERNELBASE.dll
0x00007ffdd6670000 - 0x00007ffdd6701000 	C:\WINDOWS\SYSTEM32\apphelp.dll
0x00007ffddb940000 - 0x00007ffddb9ee000 	C:\WINDOWS\System32\ADVAPI32.dll
0x00007ffdda910000 - 0x00007ffdda9ae000 	C:\WINDOWS\System32\msvcrt.dll
0x00007ffddbef0000 - 0x00007ffddbf8c000 	C:\WINDOWS\System32\sechost.dll
0x00007ffdda9b0000 - 0x00007ffddaad5000 	C:\WINDOWS\System32\RPCRT4.dll
0x00007ffddba50000 - 0x00007ffddbbed000 	C:\WINDOWS\System32\USER32.dll
0x00007ffdd9f00000 - 0x00007ffdd9f22000 	C:\WINDOWS\System32\win32u.dll
0x00007ffdda4e0000 - 0x00007ffdda50b000 	C:\WINDOWS\System32\GDI32.dll
0x00007ffdda090000 - 0x00007ffdda19f000 	C:\WINDOWS\System32\gdi32full.dll
0x00007ffdd9ff0000 - 0x00007ffdda08d000 	C:\WINDOWS\System32\msvcp_win.dll
0x00007ffdd9a90000 - 0x00007ffdd9b90000 	C:\WINDOWS\System32\ucrtbase.dll
0x00007ffdd8e70000 - 0x00007ffdd910a000 	C:\WINDOWS\WinSxS\amd64_microsoft.windows.common-controls_6595b64144ccf1df_6.0.19041.1110_none_60b5254171f9507e\COMCTL32.dll
0x00007ffdda510000 - 0x00007ffdda540000 	C:\WINDOWS\System32\IMM32.DLL
0x00007ffdd1c30000 - 0x00007ffdd1c45000 	C:\Program Files\Java\jdk1.8.0_341\jre\bin\vcruntime140.dll
0x00007ffdac810000 - 0x00007ffdac8ab000 	C:\Program Files\Java\jdk1.8.0_341\jre\bin\msvcp140.dll
0x0000000076200000 - 0x0000000076a61000 	C:\Program Files\Java\jdk1.8.0_341\jre\bin\server\jvm.dll
0x00007ffddb2e0000 - 0x00007ffddb2e8000 	C:\WINDOWS\System32\PSAPI.DLL
0x00007ffdd2200000 - 0x00007ffdd2209000 	C:\WINDOWS\SYSTEM32\WSOCK32.dll
0x00007ffddb780000 - 0x00007ffddb7eb000 	C:\WINDOWS\System32\WS2_32.dll
0x00007ffdccce0000 - 0x00007ffdccd07000 	C:\WINDOWS\SYSTEM32\WINMM.dll
0x00007ffdd2ca0000 - 0x00007ffdd2caa000 	C:\WINDOWS\SYSTEM32\VERSION.dll
0x00007ffdd6a70000 - 0x00007ffdd6a82000 	C:\WINDOWS\SYSTEM32\kernel.appcore.dll
0x00007ffdd1c20000 - 0x00007ffdd1c30000 	C:\Program Files\Java\jdk1.8.0_341\jre\bin\verify.dll
0x00007ffdb56c0000 - 0x00007ffdb56eb000 	C:\Program Files\Java\jdk1.8.0_341\jre\bin\java.dll
0x00007ffdc8af0000 - 0x00007ffdc8b08000 	C:\Program Files\Java\jdk1.8.0_341\jre\bin\zip.dll
0x00007ffddaae0000 - 0x00007ffddb223000 	C:\WINDOWS\System32\SHELL32.dll
0x00007ffdd6e50000 - 0x00007ffdd75e1000 	C:\WINDOWS\SYSTEM32\windows.storage.dll
0x00007ffddbfb0000 - 0x00007ffddc304000 	C:\WINDOWS\System32\combase.dll
0x00007ffdd8dd0000 - 0x00007ffdd8e00000 	C:\WINDOWS\SYSTEM32\Wldp.dll
0x00007ffddb230000 - 0x00007ffddb2dd000 	C:\WINDOWS\System32\SHCORE.dll
0x00007ffddbbf0000 - 0x00007ffddbc45000 	C:\WINDOWS\System32\shlwapi.dll
0x00007ffdd99a0000 - 0x00007ffdd99bf000 	C:\WINDOWS\SYSTEM32\profapi.dll
0x00007ffdc6f40000 - 0x00007ffdc6f4d000 	C:\Program Files\Java\jdk1.8.0_341\jre\bin\management.dll
0x00007ffdc2430000 - 0x00007ffdc244c000 	C:\Program Files\Java\jdk1.8.0_341\jre\bin\net.dll
0x00007ffdd8ca0000 - 0x00007ffdd8d0a000 	C:\WINDOWS\system32\mswsock.dll
0x00007ffdbfc40000 - 0x00007ffdbfc53000 	C:\Program Files\Java\jdk1.8.0_341\jre\bin\nio.dll
0x00007ffdc06d0000 - 0x00007ffdc06e7000 	C:\WINDOWS\system32\napinsp.dll
0x00007ffdc06b0000 - 0x00007ffdc06cb000 	C:\WINDOWS\system32\pnrpnsp.dll
0x00007ffdc0690000 - 0x00007ffdc06a5000 	C:\WINDOWS\system32\wshbth.dll
0x00007ffdd4800000 - 0x00007ffdd481d000 	C:\WINDOWS\system32\NLAapi.dll
0x00007ffdd87b0000 - 0x00007ffdd87eb000 	C:\WINDOWS\SYSTEM32\IPHLPAPI.DLL
0x00007ffdd87f0000 - 0x00007ffdd88ba000 	C:\WINDOWS\SYSTEM32\DNSAPI.dll
0x00007ffddb300000 - 0x00007ffddb308000 	C:\WINDOWS\System32\NSI.dll
0x00007ffdc0670000 - 0x00007ffdc0682000 	C:\WINDOWS\System32\winrnr.dll
0x00007ffdcd5a0000 - 0x00007ffdcd5aa000 	C:\Windows\System32\rasadhlp.dll
0x00007ffdce340000 - 0x00007ffdce3c0000 	C:\WINDOWS\System32\fwpuclnt.dll
0x00007ffdd9a60000 - 0x00007ffdd9a87000 	C:\WINDOWS\System32\bcrypt.dll
0x00007ffdd9250000 - 0x00007ffdd9434000 	C:\WINDOWS\SYSTEM32\dbghelp.dll
0x00007ffdd9e70000 - 0x00007ffdd9ef2000 	C:\WINDOWS\System32\bcryptPrimitives.dll

VM Arguments:
java_command: C:\Users\Usuario\AppData\Local\Temp\surefire7715604326123602779\surefirebooter1565215487969472818.jar C:\Users\Usuario\AppData\Local\Temp\surefire7715604326123602779 2023-01-15T23-04-50_837-jvmRun1 surefire1072331918759598123tmp surefire_03962692419655944000tmp
java_class_path (initial): C:\Users\Usuario\AppData\Local\Temp\surefire7715604326123602779\surefirebooter1565215487969472818.jar
Launcher Type: SUN_STANDARD

Environment Variables:
JAVA_HOME=C:\Program Files\Java\jdk1.8.0_341
PATH=C:\Program Files (x86)\Common Files\Oracle\Java\javapath;C:\Python39\Scripts\;C:\Python39\;C:\Program Files (x86)\Common Files\Intel\Shared Libraries\redist\intel64\compiler;C:\WINDOWS\system32;C:\WINDOWS;C:\WINDOWS\System32\Wbem;C:\WINDOWS\System32\WindowsPowerShell\v1.0\;C:\WINDOWS\System32\OpenSSH\;C:\Program Files (x86)\Windows Live\Shared;C:\Program Files\dotnet\;C:\Program Files\Microsoft SQL Server\130\Tools\Binn\;C:\Program Files (x86)\dotnet\;C:\ProgramData\chocolatey\bin;C:\Program Files\Git\cmd;C:\Program Files\nodejs\;D:\Documentos\Scripts\;D:\Documentos\;C:\Users\Usuario\AppData\Local\Microsoft\WindowsApps;D:\Documentos\PyCharm Community Edition 2019.3.3\bin;C:\Users\Usuario\.dotnet\tools;C:\Users\Usuario\AppData\Local\GitHubDesktop\bin;C:\Users\Usuario\AppData\Local\Programs\Microsoft VS Code\bin;C:\Users\Usuario\AppData\Roaming\npm
USERNAME=Usuario
OS=Windows_NT
PROCESSOR_IDENTIFIER=Intel64 Family 6 Model 158 Stepping 9, GenuineIntel



---------------  S Y S T E M  ---------------

OS: Windows 10 , 64 bit Build 19041 (10.0.19041.1889)

CPU:total 4 (initial active 4) (4 cores per cpu, 1 threads per core) family 6 model 158 stepping 9, cmov, cx8, fxsr, mmx, sse, sse2, sse3, ssse3, sse4.1, sse4.2, popcnt, avx, avx2, aes, clmul, erms, 3dnowpref, lzcnt, tsc, tscinvbit, bmi1, bmi2, adx

Memory: 4k page, physical 8351888k(634320k free), swap 18837648k(4152k free)

vm_info: Java HotSpot(TM) 64-Bit Server VM (25.341-b10) for windows-amd64 JRE (1.8.0_341-b10), built on Jun 16 2022 15:51:07 by "java_re" with MS VC++ 15.9 (VS2017)

time: Sun Jan 15 23:04:54 2023
timezone: Hora estándar de Argentina
elapsed time: 3.056345 seconds (0d 0h 0m 3s)

