#
# There is insufficient memory for the Java Runtime Environment to continue.
# Native memory allocation (malloc) failed to allocate 285456 bytes for Chunk::new
# Possible reasons:
#   The system is out of physical RAM or swap space
#   The process is running with CompressedOops enabled, and the Java Heap may be blocking the growth of the native heap
# Possible solutions:
#   Reduce memory load on the system
#   Increase physical memory or swap space
#   Check if swap backing store is full
#   Decrease Java heap size (-Xmx/-Xms)
#   Decrease number of Java threads
#   Decrease Java thread stack sizes (-Xss)
#   Set larger code cache with -XX:ReservedCodeCacheSize=
#   JVM is running with Unscaled Compressed Oops mode in which the Java heap is
#     placed in the first 4GB address space. The Java Heap base address is the
#     maximum limit for the native heap growth. Please use -XX:HeapBaseMinAddress
#     to set the Java Heap base and to place the Java Heap above 4GB virtual address.
# This output file may be truncated or incomplete.
#
#  Out of Memory Error (allocation.cpp:389), pid=15564, tid=0x00000000000037e8
#
# JRE version: Java(TM) SE Runtime Environment (8.0_341-b10) (build 1.8.0_341-b10)
# Java VM: Java HotSpot(TM) 64-Bit Server VM (25.341-b10 mixed mode windows-amd64 compressed oops)
# Failed to write core dump. Minidumps are not enabled by default on client versions of Windows
#

---------------  T H R E A D  ---------------

Current thread (0x000001339b6b8800):  JavaThread "C2 CompilerThread1" daemon [_thread_in_native, id=14312, stack(0x0000002d48300000,0x0000002d48400000)]

Stack: [0x0000002d48300000,0x0000002d48400000]
Native frames: (J=compiled Java code, j=interpreted, Vv=VM code, C=native code)
V  [jvm.dll+0x32fa99]
V  [jvm.dll+0x275ff2]
V  [jvm.dll+0x276c9d]
V  [jvm.dll+0x26d645]
V  [jvm.dll+0xd583c]
V  [jvm.dll+0xd603c]
V  [jvm.dll+0x4714c3]
V  [jvm.dll+0x438b80]
V  [jvm.dll+0x441b85]
V  [jvm.dll+0x440f45]
V  [jvm.dll+0x42bceb]
V  [jvm.dll+0xac68b]
V  [jvm.dll+0xaaceb]
V  [jvm.dll+0x23e542]
V  [jvm.dll+0x292d2c]
C  [ucrtbase.dll+0x21bb2]
C  [KERNEL32.DLL+0x17034]
C  [ntdll.dll+0x526a1]


Current CompileTask:
C2:   4696 3670  s    4       java.util.jar.JarFile::getInputStream (89 bytes)


---------------  P R O C E S S  ---------------

Java Threads: ( => current thread )
  0x00000133a0f20800 JavaThread "mysql-cj-abandoned-connection-cleanup" daemon [_thread_blocked, id=3132, stack(0x0000002d48900000,0x0000002d48a00000)]
  0x000001339cea7800 JavaThread "restartedMain" [_thread_blocked, id=11540, stack(0x0000002d48800000,0x0000002d48900000)]
  0x000001339cea5000 JavaThread "Thread-0" [_thread_blocked, id=8400, stack(0x0000002d48700000,0x0000002d48800000)]
  0x000001339b746000 JavaThread "Service Thread" daemon [_thread_blocked, id=14800, stack(0x0000002d48500000,0x0000002d48600000)]
  0x000001339b6c4000 JavaThread "C1 CompilerThread2" daemon [_thread_blocked, id=9604, stack(0x0000002d48400000,0x0000002d48500000)]
=>0x000001339b6b8800 JavaThread "C2 CompilerThread1" daemon [_thread_in_native, id=14312, stack(0x0000002d48300000,0x0000002d48400000)]
  0x000001339b6b2000 JavaThread "C2 CompilerThread0" daemon [_thread_blocked, id=15584, stack(0x0000002d48200000,0x0000002d48300000)]
  0x000001339b6b0800 JavaThread "Attach Listener" daemon [_thread_blocked, id=15908, stack(0x0000002d48100000,0x0000002d48200000)]
  0x000001339b6b0000 JavaThread "Signal Dispatcher" daemon [_thread_blocked, id=4280, stack(0x0000002d48000000,0x0000002d48100000)]
  0x000001339b688800 JavaThread "Finalizer" daemon [_thread_blocked, id=15320, stack(0x0000002d47f00000,0x0000002d48000000)]
  0x000001339b680000 JavaThread "Reference Handler" daemon [_thread_blocked, id=11944, stack(0x0000002d47e00000,0x0000002d47f00000)]
  0x0000013385109000 JavaThread "main" [_thread_blocked, id=6180, stack(0x0000002d47800000,0x0000002d47900000)]

Other Threads:
  0x000001339b656000 VMThread [stack: 0x0000002d47d00000,0x0000002d47e00000] [id=15412]
  0x000001339b763000 WatcherThread [stack: 0x0000002d48600000,0x0000002d48700000] [id=6152]

VM state:at safepoint (normal execution)

VM Mutex/Monitor currently owned by a thread:  ([mutex/lock_event])
[0x0000013385106f60] Threads_lock - owner thread: 0x000001339b656000
[0x0000013385106ce0] Heap_lock - owner thread: 0x000001339cea7800

heap address: 0x0000000080800000, size: 2040 MB, Compressed Oops mode: 32-bit
Narrow klass base: 0x0000000000000000, Narrow klass shift: 3
Compressed class space size: 1073741824 Address: 0x0000000100000000

Heap:
 PSYoungGen      total 134656K, used 71258K [0x00000000d5800000, 0x00000000dea00000, 0x0000000100000000)
  eden space 125440K, 56% used [0x00000000d5800000,0x00000000d9d96b78,0x00000000dd280000)
  from space 9216K, 0% used [0x00000000dd800000,0x00000000dd800000,0x00000000de100000)
  to   space 7680K, 62% used [0x00000000de280000,0x00000000de72d1a0,0x00000000dea00000)
 ParOldGen       total 45568K, used 17324K [0x0000000080800000, 0x0000000083480000, 0x00000000d5800000)
  object space 45568K, 38% used [0x0000000080800000,0x00000000818eb3e8,0x0000000083480000)
 Metaspace       used 40974K, capacity 43280K, committed 43392K, reserved 1093632K
  class space    used 5566K, capacity 5983K, committed 6016K, reserved 1048576K

Card table byte_map: [0x0000013395f10000,0x0000013396310000] byte_map_base: 0x0000013395b0c000

Marking Bits: (ParMarkBitMap*) 0x0000000072c09030
 Begin Bits: [0x00000133965c0000, 0x00000133985a0000)
 End Bits:   [0x00000133985a0000, 0x000001339a580000)

Polling page: 0x0000013385070000

CodeCache: size=245760Kb used=13029Kb max_used=13040Kb free=232730Kb
 bounds [0x0000013386b50000, 0x0000013387820000, 0x0000013395b50000]
 total_blobs=4059 nmethods=3616 adapters=355
 compilation: enabled

Compilation events (10 events):
Event: 4.559 Thread 0x000001339b6b2000 nmethod 3667 0x00000133877f2590 code [0x00000133877f2720, 0x00000133877f2a50]
Event: 4.577 Thread 0x000001339b6c4000 3668       3       java.lang.invoke.MethodHandle::bindTo (19 bytes)
Event: 4.578 Thread 0x000001339b6c4000 nmethod 3668 0x00000133877f3450 code [0x00000133877f3620, 0x00000133877f3e90]
Event: 4.578 Thread 0x000001339b6c4000 3669       3       java.lang.invoke.MethodType::leadingReferenceParameter (30 bytes)
Event: 4.578 Thread 0x000001339b6c4000 nmethod 3669 0x00000133877f0510 code [0x00000133877f06a0, 0x00000133877f0a60]
Event: 4.580 Thread 0x000001339b6b8800 3670  s    4       java.util.jar.JarFile::getInputStream (89 bytes)
Event: 4.594 Thread 0x000001339b6c4000 3671       3       java.util.Calendar::internalGet (7 bytes)
Event: 4.594 Thread 0x000001339b6c4000 nmethod 3671 0x00000133877f3090 code [0x00000133877f31e0, 0x00000133877f3358]
Event: 4.601 Thread 0x000001339b6c4000 3672       3       java.util.regex.Pattern::closure (477 bytes)
Event: 4.604 Thread 0x000001339b6c4000 nmethod 3672 0x00000133877f6750 code [0x00000133877f6da0, 0x00000133877facb0]

GC Heap History (10 events):
Event: 1.687 GC heap before
{Heap before GC invocations=5 (full 0):
 PSYoungGen      total 71680K, used 6338K [0x00000000d5800000, 0x00000000da300000, 0x0000000100000000)
  eden space 66560K, 1% used [0x00000000d5800000,0x00000000d59386d8,0x00000000d9900000)
  from space 5120K, 99% used [0x00000000d9e00000,0x00000000da2f8238,0x00000000da300000)
  to   space 5120K, 0% used [0x00000000d9900000,0x00000000d9900000,0x00000000d9e00000)
 ParOldGen       total 87552K, used 5880K [0x0000000080800000, 0x0000000085d80000, 0x00000000d5800000)
  object space 87552K, 6% used [0x0000000080800000,0x0000000080dbe3d0,0x0000000085d80000)
 Metaspace       used 20214K, capacity 21154K, committed 21296K, reserved 1067008K
  class space    used 2637K, capacity 2862K, committed 2944K, reserved 1048576K
Event: 1.692 GC heap after
Heap after GC invocations=5 (full 0):
 PSYoungGen      total 71680K, used 5088K [0x00000000d5800000, 0x00000000deb00000, 0x0000000100000000)
  eden space 66560K, 0% used [0x00000000d5800000,0x00000000d5800000,0x00000000d9900000)
  from space 5120K, 99% used [0x00000000d9900000,0x00000000d9df8238,0x00000000d9e00000)
  to   space 8704K, 0% used [0x00000000de280000,0x00000000de280000,0x00000000deb00000)
 ParOldGen       total 87552K, used 5969K [0x0000000080800000, 0x0000000085d80000, 0x00000000d5800000)
  object space 87552K, 6% used [0x0000000080800000,0x0000000080dd45c0,0x0000000085d80000)
 Metaspace       used 20214K, capacity 21154K, committed 21296K, reserved 1067008K
  class space    used 2637K, capacity 2862K, committed 2944K, reserved 1048576K
}
Event: 1.692 GC heap before
{Heap before GC invocations=6 (full 1):
 PSYoungGen      total 71680K, used 5088K [0x00000000d5800000, 0x00000000deb00000, 0x0000000100000000)
  eden space 66560K, 0% used [0x00000000d5800000,0x00000000d5800000,0x00000000d9900000)
  from space 5120K, 99% used [0x00000000d9900000,0x00000000d9df8238,0x00000000d9e00000)
  to   space 8704K, 0% used [0x00000000de280000,0x00000000de280000,0x00000000deb00000)
 ParOldGen       total 87552K, used 5969K [0x0000000080800000, 0x0000000085d80000, 0x00000000d5800000)
  object space 87552K, 6% used [0x0000000080800000,0x0000000080dd45c0,0x0000000085d80000)
 Metaspace       used 20214K, capacity 21154K, committed 21296K, reserved 1067008K
  class space    used 2637K, capacity 2862K, committed 2944K, reserved 1048576K
Event: 1.716 GC heap after
Heap after GC invocations=6 (full 1):
 PSYoungGen      total 71680K, used 0K [0x00000000d5800000, 0x00000000deb00000, 0x0000000100000000)
  eden space 66560K, 0% used [0x00000000d5800000,0x00000000d5800000,0x00000000d9900000)
  from space 5120K, 0% used [0x00000000d9900000,0x00000000d9900000,0x00000000d9e00000)
  to   space 8704K, 0% used [0x00000000de280000,0x00000000de280000,0x00000000deb00000)
 ParOldGen       total 45568K, used 5689K [0x0000000080800000, 0x0000000083480000, 0x00000000d5800000)
  object space 45568K, 12% used [0x0000000080800000,0x0000000080d8e5e0,0x0000000083480000)
 Metaspace       used 20214K, capacity 21154K, committed 21296K, reserved 1067008K
  class space    used 2637K, capacity 2862K, committed 2944K, reserved 1048576K
}
Event: 2.124 GC heap before
{Heap before GC invocations=7 (full 1):
 PSYoungGen      total 71680K, used 66560K [0x00000000d5800000, 0x00000000deb00000, 0x0000000100000000)
  eden space 66560K, 100% used [0x00000000d5800000,0x00000000d9900000,0x00000000d9900000)
  from space 5120K, 0% used [0x00000000d9900000,0x00000000d9900000,0x00000000d9e00000)
  to   space 8704K, 0% used [0x00000000de280000,0x00000000de280000,0x00000000deb00000)
 ParOldGen       total 45568K, used 5689K [0x0000000080800000, 0x0000000083480000, 0x00000000d5800000)
  object space 45568K, 12% used [0x0000000080800000,0x0000000080d8e5e0,0x0000000083480000)
 Metaspace       used 24511K, capacity 25670K, committed 25856K, reserved 1071104K
  class space    used 3205K, capacity 3467K, committed 3584K, reserved 1048576K
Event: 2.129 GC heap after
Heap after GC invocations=7 (full 1):
 PSYoungGen      total 133120K, used 7314K [0x00000000d5800000, 0x00000000dea00000, 0x0000000100000000)
  eden space 125440K, 0% used [0x00000000d5800000,0x00000000d5800000,0x00000000dd280000)
  from space 7680K, 95% used [0x00000000de280000,0x00000000de9a4a30,0x00000000dea00000)
  to   space 9216K, 0% used [0x00000000dd800000,0x00000000dd800000,0x00000000de100000)
 ParOldGen       total 45568K, used 5697K [0x0000000080800000, 0x0000000083480000, 0x00000000d5800000)
  object space 45568K, 12% used [0x0000000080800000,0x0000000080d905e0,0x0000000083480000)
 Metaspace       used 24511K, capacity 25670K, committed 25856K, reserved 1071104K
  class space    used 3205K, capacity 3467K, committed 3584K, reserved 1048576K
}
Event: 3.530 GC heap before
{Heap before GC invocations=8 (full 1):
 PSYoungGen      total 133120K, used 106086K [0x00000000d5800000, 0x00000000dea00000, 0x0000000100000000)
  eden space 125440K, 78% used [0x00000000d5800000,0x00000000db875170,0x00000000dd280000)
  from space 7680K, 95% used [0x00000000de280000,0x00000000de9a4a30,0x00000000dea00000)
  to   space 9216K, 0% used [0x00000000dd800000,0x00000000dd800000,0x00000000de100000)
 ParOldGen       total 45568K, used 5697K [0x0000000080800000, 0x0000000083480000, 0x00000000d5800000)
  object space 45568K, 12% used [0x0000000080800000,0x0000000080d905e0,0x0000000083480000)
 Metaspace       used 33372K, capacity 35414K, committed 35496K, reserved 1079296K
  class space    used 4422K, capacity 4825K, committed 4864K, reserved 1048576K
Event: 3.539 GC heap after
Heap after GC invocations=8 (full 1):
 PSYoungGen      total 134656K, used 9188K [0x00000000d5800000, 0x00000000dea00000, 0x0000000100000000)
  eden space 125440K, 0% used [0x00000000d5800000,0x00000000d5800000,0x00000000dd280000)
  from space 9216K, 99% used [0x00000000dd800000,0x00000000de0f9108,0x00000000de100000)
  to   space 7680K, 0% used [0x00000000de280000,0x00000000de280000,0x00000000dea00000)
 ParOldGen       total 45568K, used 9610K [0x0000000080800000, 0x0000000083480000, 0x00000000d5800000)
  object space 45568K, 21% used [0x0000000080800000,0x00000000811629e0,0x0000000083480000)
 Metaspace       used 33372K, capacity 35414K, committed 35496K, reserved 1079296K
  class space    used 4422K, capacity 4825K, committed 4864K, reserved 1048576K
}
Event: 3.539 GC heap before
{Heap before GC invocations=9 (full 2):
 PSYoungGen      total 134656K, used 9188K [0x00000000d5800000, 0x00000000dea00000, 0x0000000100000000)
  eden space 125440K, 0% used [0x00000000d5800000,0x00000000d5800000,0x00000000dd280000)
  from space 9216K, 99% used [0x00000000dd800000,0x00000000de0f9108,0x00000000de100000)
  to   space 7680K, 0% used [0x00000000de280000,0x00000000de280000,0x00000000dea00000)
 ParOldGen       total 45568K, used 9610K [0x0000000080800000, 0x0000000083480000, 0x00000000d5800000)
  object space 45568K, 21% used [0x0000000080800000,0x00000000811629e0,0x0000000083480000)
 Metaspace       used 33372K, capacity 35414K, committed 35496K, reserved 1079296K
  class space    used 4422K, capacity 4825K, committed 4864K, reserved 1048576K
Event: 3.595 GC heap after
Heap after GC invocations=9 (full 2):
 PSYoungGen      total 134656K, used 0K [0x00000000d5800000, 0x00000000dea00000, 0x0000000100000000)
  eden space 125440K, 0% used [0x00000000d5800000,0x00000000d5800000,0x00000000dd280000)
  from space 9216K, 0% used [0x00000000dd800000,0x00000000dd800000,0x00000000de100000)
  to   space 7680K, 0% used [0x00000000de280000,0x00000000de280000,0x00000000dea00000)
 ParOldGen       total 45568K, used 17316K [0x0000000080800000, 0x0000000083480000, 0x00000000d5800000)
  object space 45568K, 38% used [0x0000000080800000,0x00000000818e93e8,0x0000000083480000)
 Metaspace       used 33372K, capacity 35414K, committed 35496K, reserved 1079296K
  class space    used 4422K, capacity 4825K, committed 4864K, reserved 1048576K
}

Deoptimization events (10 events):
Event: 3.843 Thread 0x000001339cea7800 Uncommon trap: reason=unstable_if action=reinterpret pc=0x0000013386ec7648 method=java.lang.AbstractStringBuilder.append(Ljava/lang/String;)Ljava/lang/AbstractStringBuilder; @ 1
Event: 3.848 Thread 0x00000133a0f20800 Uncommon trap: reason=unstable_if action=reinterpret pc=0x0000013387002edc method=java.net.URL.<init>(Ljava/net/URL;Ljava/lang/String;Ljava/net/URLStreamHandler;)V @ 57
Event: 3.848 Thread 0x00000133a0f20800 Uncommon trap: reason=unstable_if action=reinterpret pc=0x0000013387711458 method=java.net.URLStreamHandler.parseURL(Ljava/net/URL;Ljava/lang/String;II)V @ 57
Event: 3.984 Thread 0x000001339cea7800 Uncommon trap: reason=null_check action=make_not_entrant pc=0x00000133873d61d0 method=org.springframework.beans.factory.support.DefaultListableBeanFactory.getBeanDefinition(Ljava/lang/String;)Lorg/springframework/beans/factory/config/BeanDefinition; @ 10
Event: 4.308 Thread 0x000001339cea7800 Uncommon trap: reason=class_check action=maybe_recompile pc=0x000001338711507c method=java.lang.ClassLoader.loadClass(Ljava/lang/String;Z)Ljava/lang/Class; @ 38
Event: 4.308 Thread 0x000001339cea7800 Uncommon trap: reason=class_check action=maybe_recompile pc=0x000001338711507c method=java.lang.ClassLoader.loadClass(Ljava/lang/String;Z)Ljava/lang/Class; @ 38
Event: 4.375 Thread 0x000001339cea7800 Uncommon trap: reason=class_check action=maybe_recompile pc=0x000001338711507c method=java.lang.ClassLoader.loadClass(Ljava/lang/String;Z)Ljava/lang/Class; @ 38
Event: 4.451 Thread 0x000001339cea7800 Uncommon trap: reason=bimorphic action=maybe_recompile pc=0x0000013387115e78 method=java.lang.ClassLoader.loadClass(Ljava/lang/String;Z)Ljava/lang/Class; @ 70
Event: 4.452 Thread 0x000001339cea7800 Uncommon trap: reason=bimorphic action=maybe_recompile pc=0x0000013387115e78 method=java.lang.ClassLoader.loadClass(Ljava/lang/String;Z)Ljava/lang/Class; @ 70
Event: 4.568 Thread 0x000001339cea7800 Uncommon trap: reason=bimorphic action=maybe_recompile pc=0x0000013387115e78 method=java.lang.ClassLoader.loadClass(Ljava/lang/String;Z)Ljava/lang/Class; @ 70

Classes redefined (0 events):
No events

Internal exceptions (10 events):
Event: 3.790 Thread 0x000001339cea7800 Exception <a 'java/lang/ClassNotFoundException': org/springframework/context/ApplicationEventPublisherAwareCustomizer> (0x00000000d68fe400) thrown at [C:\jenkins\workspace\8-2-build-windows-x64-cygwin\jdk8u341\2692\hotspot\src\share\vm\classfile\systemDic
Event: 3.791 Thread 0x000001339cea7800 Exception <a 'java/lang/ClassNotFoundException': org/springframework/beans/factory/AwareCustomizer> (0x00000000d69170a8) thrown at [C:\jenkins\workspace\8-2-build-windows-x64-cygwin\jdk8u341\2692\hotspot\src\share\vm\classfile\systemDictionary.cpp, line 2
Event: 3.798 Thread 0x000001339cea7800 Exception <a 'java/lang/ClassNotFoundException': java/lang/ObjectCustomizer> (0x00000000d6957960) thrown at [C:\jenkins\workspace\8-2-build-windows-x64-cygwin\jdk8u341\2692\hotspot\src\share\vm\classfile\systemDictionary.cpp, line 212]
Event: 3.799 Thread 0x000001339cea7800 Exception <a 'java/lang/ClassNotFoundException': org/springframework/core/io/support/PropertiesLoaderSupportCustomizer> (0x00000000d6978118) thrown at [C:\jenkins\workspace\8-2-build-windows-x64-cygwin\jdk8u341\2692\hotspot\src\share\vm\classfile\systemDi
Event: 3.800 Thread 0x000001339cea7800 Exception <a 'java/lang/ClassNotFoundException': org/springframework/beans/factory/config/PropertiesFactoryBeanCustomizer> (0x00000000d699f1f0) thrown at [C:\jenkins\workspace\8-2-build-windows-x64-cygwin\jdk8u341\2692\hotspot\src\share\vm\classfile\syste
Event: 3.803 Thread 0x000001339cea7800 Exception <a 'java/lang/ClassNotFoundException': org/springframework/beans/factory/FactoryBeanCustomizer> (0x00000000d69cd1a0) thrown at [C:\jenkins\workspace\8-2-build-windows-x64-cygwin\jdk8u341\2692\hotspot\src\share\vm\classfile\systemDictionary.cpp, 
Event: 3.803 Thread 0x000001339cea7800 Exception <a 'java/lang/ClassNotFoundException': org/springframework/beans/factory/InitializingBeanCustomizer> (0x00000000d69eaaa8) thrown at [C:\jenkins\workspace\8-2-build-windows-x64-cygwin\jdk8u341\2692\hotspot\src\share\vm\classfile\systemDictionary.
Event: 3.843 Thread 0x000001339cea7800 Implicit null exception at 0x0000013386ec7296 to 0x0000013386ec7631
Event: 3.984 Thread 0x000001339cea7800 Implicit null exception at 0x00000133873d604f to 0x00000133873d61c5
Event: 4.292 Thread 0x000001339cea7800 Exception <a 'java/lang/ClassNotFoundException': java/lang/Module> (0x00000000d7f9de28) thrown at [C:\jenkins\workspace\8-2-build-windows-x64-cygwin\jdk8u341\2692\hotspot\src\share\vm\classfile\systemDictionary.cpp, line 212]

Events (10 events):
Event: 4.605 loading class com/mysql/cj/conf/ConnectionUrl$HostsCardinality$3 done
Event: 4.605 loading class com/mysql/cj/conf/PropertyKey
Event: 4.605 loading class com/mysql/cj/conf/PropertyKey done
Event: 4.609 loading class com/zaxxer/hikari/pool/PoolBase$SynchronousExecutor
Event: 4.609 loading class com/zaxxer/hikari/pool/PoolBase$SynchronousExecutor done
Event: 4.609 loading class com/zaxxer/hikari/pool/HikariPool$PoolEntryCreator
Event: 4.609 loading class com/zaxxer/hikari/pool/HikariPool$PoolEntryCreator done
Event: 4.609 loading class com/zaxxer/hikari/util/ConcurrentBag
Event: 4.609 loading class com/zaxxer/hikari/util/ConcurrentBag done
Event: 4.610 loading class java/util/concurrent/SynchronousQueue


Dynamic libraries:
0x00007ff647e60000 - 0x00007ff647ea7000 	C:\Program Files\Java\jdk1.8.0_341\bin\java.exe
0x00007fff2d670000 - 0x00007fff2d868000 	C:\WINDOWS\SYSTEM32\ntdll.dll
0x00007fff2c080000 - 0x00007fff2c13d000 	C:\WINDOWS\System32\KERNEL32.DLL
0x00007fff2aeb0000 - 0x00007fff2b182000 	C:\WINDOWS\System32\KERNELBASE.dll
0x00007fff285a0000 - 0x00007fff28631000 	C:\WINDOWS\SYSTEM32\apphelp.dll
0x00007fff2c540000 - 0x00007fff2c5ee000 	C:\WINDOWS\System32\ADVAPI32.dll
0x00007fff2c740000 - 0x00007fff2c7de000 	C:\WINDOWS\System32\msvcrt.dll
0x00007fff2d2f0000 - 0x00007fff2d38c000 	C:\WINDOWS\System32\sechost.dll
0x00007fff2d390000 - 0x00007fff2d4b5000 	C:\WINDOWS\System32\RPCRT4.dll
0x00007fff2c170000 - 0x00007fff2c30d000 	C:\WINDOWS\System32\USER32.dll
0x00007fff2b360000 - 0x00007fff2b382000 	C:\WINDOWS\System32\win32u.dll
0x00007fff2c6f0000 - 0x00007fff2c71b000 	C:\WINDOWS\System32\GDI32.dll
0x00007fff2b200000 - 0x00007fff2b30f000 	C:\WINDOWS\System32\gdi32full.dll
0x00007fff2ad80000 - 0x00007fff2ae1d000 	C:\WINDOWS\System32\msvcp_win.dll
0x00007fff2b4f0000 - 0x00007fff2b5f0000 	C:\WINDOWS\System32\ucrtbase.dll
0x00007fff1d3c0000 - 0x00007fff1d65a000 	C:\WINDOWS\WinSxS\amd64_microsoft.windows.common-controls_6595b64144ccf1df_6.0.19041.1110_none_60b5254171f9507e\COMCTL32.dll
0x00007fff2c140000 - 0x00007fff2c170000 	C:\WINDOWS\System32\IMM32.DLL
0x00007fff238f0000 - 0x00007fff23905000 	C:\Program Files\Java\jdk1.8.0_341\jre\bin\vcruntime140.dll
0x00007ffeca5e0000 - 0x00007ffeca67b000 	C:\Program Files\Java\jdk1.8.0_341\jre\bin\msvcp140.dll
0x0000000072420000 - 0x0000000072c81000 	C:\Program Files\Java\jdk1.8.0_341\jre\bin\server\jvm.dll
0x00007fff2d5b0000 - 0x00007fff2d5b8000 	C:\WINDOWS\System32\PSAPI.DLL
0x00007fff23560000 - 0x00007fff2356a000 	C:\WINDOWS\SYSTEM32\VERSION.dll
0x00007fff24830000 - 0x00007fff24839000 	C:\WINDOWS\SYSTEM32\WSOCK32.dll
0x00007fff1f050000 - 0x00007fff1f077000 	C:\WINDOWS\SYSTEM32\WINMM.dll
0x00007fff2d5c0000 - 0x00007fff2d62b000 	C:\WINDOWS\System32\WS2_32.dll
0x00007fff28b80000 - 0x00007fff28b92000 	C:\WINDOWS\SYSTEM32\kernel.appcore.dll
0x00007fff24620000 - 0x00007fff24630000 	C:\Program Files\Java\jdk1.8.0_341\jre\bin\verify.dll
0x00007ffeed5b0000 - 0x00007ffeed5db000 	C:\Program Files\Java\jdk1.8.0_341\jre\bin\java.dll
0x00007fff22280000 - 0x00007fff22298000 	C:\Program Files\Java\jdk1.8.0_341\jre\bin\zip.dll
0x00007fff2b800000 - 0x00007fff2bf43000 	C:\WINDOWS\System32\SHELL32.dll
0x00007fff28e60000 - 0x00007fff295f1000 	C:\WINDOWS\SYSTEM32\windows.storage.dll
0x00007fff2c840000 - 0x00007fff2cb94000 	C:\WINDOWS\System32\combase.dll
0x00007fff2a7e0000 - 0x00007fff2a810000 	C:\WINDOWS\SYSTEM32\Wldp.dll
0x00007fff2d240000 - 0x00007fff2d2ed000 	C:\WINDOWS\System32\SHCORE.dll
0x00007fff2cc50000 - 0x00007fff2cca5000 	C:\WINDOWS\System32\shlwapi.dll
0x00007fff2acc0000 - 0x00007fff2acdf000 	C:\WINDOWS\SYSTEM32\profapi.dll
0x00007fff16100000 - 0x00007fff1610d000 	C:\Program Files\Java\jdk1.8.0_341\jre\bin\management.dll
0x00007ffeed570000 - 0x00007ffeed58c000 	C:\Program Files\Java\jdk1.8.0_341\jre\bin\net.dll
0x00007fff2a540000 - 0x00007fff2a5aa000 	C:\WINDOWS\system32\mswsock.dll
0x00007fff1a310000 - 0x00007fff1a327000 	C:\WINDOWS\system32\napinsp.dll
0x00007fff18890000 - 0x00007fff188ab000 	C:\WINDOWS\system32\pnrpnsp.dll
0x00007fff18870000 - 0x00007fff18885000 	C:\WINDOWS\system32\wshbth.dll
0x00007fff263f0000 - 0x00007fff2640d000 	C:\WINDOWS\system32\NLAapi.dll
0x00007fff2a1c0000 - 0x00007fff2a1fb000 	C:\WINDOWS\SYSTEM32\IPHLPAPI.DLL
0x00007fff2a210000 - 0x00007fff2a2da000 	C:\WINDOWS\SYSTEM32\DNSAPI.dll
0x00007fff2c5f0000 - 0x00007fff2c5f8000 	C:\WINDOWS\System32\NSI.dll
0x00007fff17df0000 - 0x00007fff17e02000 	C:\WINDOWS\System32\winrnr.dll
0x00007fff21ff0000 - 0x00007fff21ffa000 	C:\Windows\System32\rasadhlp.dll
0x00007fff219e0000 - 0x00007fff21a60000 	C:\WINDOWS\System32\fwpuclnt.dll
0x00007fff2b6a0000 - 0x00007fff2b6c7000 	C:\WINDOWS\System32\bcrypt.dll
0x00007ffeed410000 - 0x00007ffeed423000 	C:\Program Files\Java\jdk1.8.0_341\jre\bin\nio.dll
0x00007fff2a740000 - 0x00007fff2a758000 	C:\WINDOWS\SYSTEM32\CRYPTSP.dll
0x00007fff29d80000 - 0x00007fff29db4000 	C:\WINDOWS\system32\rsaenh.dll
0x00007fff2ac40000 - 0x00007fff2ac6e000 	C:\WINDOWS\SYSTEM32\USERENV.dll
0x00007fff2ae20000 - 0x00007fff2aea2000 	C:\WINDOWS\System32\bcryptprimitives.dll
0x00007fff2a730000 - 0x00007fff2a73c000 	C:\WINDOWS\SYSTEM32\CRYPTBASE.dll
0x00007fff244a0000 - 0x00007fff244b7000 	C:\WINDOWS\SYSTEM32\dhcpcsvc6.DLL
0x00007fff24410000 - 0x00007fff2442d000 	C:\WINDOWS\SYSTEM32\dhcpcsvc.DLL
0x00007ffeca5b0000 - 0x00007ffeca5d4000 	C:\Program Files\Java\jdk1.8.0_341\jre\bin\sunec.dll
0x00007fff11300000 - 0x00007fff1130d000 	C:\Program Files\Java\jdk1.8.0_341\jre\bin\sunmscapi.dll
0x00007fff2b390000 - 0x00007fff2b4e6000 	C:\WINDOWS\System32\CRYPT32.dll
0x00007fff2a850000 - 0x00007fff2a877000 	C:\WINDOWS\SYSTEM32\ncrypt.dll
0x00007fff2a810000 - 0x00007fff2a84b000 	C:\WINDOWS\SYSTEM32\NTASN1.dll
0x00007fff24bf0000 - 0x00007fff24dd4000 	C:\WINDOWS\SYSTEM32\dbghelp.dll

VM Arguments:
java_command: com.portfolio.alca.AlcaApplication
java_class_path (initial): D:\Documentos\Desktop\ProyectoIntegrador_AlcaldeAlejoEmanuel\backend\target\classes;C:\Users\Usuario\.m2\repository\org\springframework\boot\spring-boot-starter-data-jpa\2.7.7\spring-boot-starter-data-jpa-2.7.7.jar;C:\Users\Usuario\.m2\repository\org\springframework\boot\spring-boot-starter-aop\2.7.7\spring-boot-starter-aop-2.7.7.jar;C:\Users\Usuario\.m2\repository\org\aspectj\aspectjweaver\1.9.7\aspectjweaver-1.9.7.jar;C:\Users\Usuario\.m2\repository\org\springframework\boot\spring-boot-starter-jdbc\2.7.7\spring-boot-starter-jdbc-2.7.7.jar;C:\Users\Usuario\.m2\repository\com\zaxxer\HikariCP\4.0.3\HikariCP-4.0.3.jar;C:\Users\Usuario\.m2\repository\org\springframework\spring-jdbc\5.3.24\spring-jdbc-5.3.24.jar;C:\Users\Usuario\.m2\repository\jakarta\transaction\jakarta.transaction-api\1.3.3\jakarta.transaction-api-1.3.3.jar;C:\Users\Usuario\.m2\repository\jakarta\persistence\jakarta.persistence-api\2.2.3\jakarta.persistence-api-2.2.3.jar;C:\Users\Usuario\.m2\repository\org\hibernate\hibernate-core\5.6.14.Final\hibernate-core-5.6.14.Final.jar;C:\Users\Usuario\.m2\repository\org\jboss\logging\jboss-logging\3.4.3.Final\jboss-logging-3.4.3.Final.jar;C:\Users\Usuario\.m2\repository\net\bytebuddy\byte-buddy\1.12.20\byte-buddy-1.12.20.jar;C:\Users\Usuario\.m2\repository\antlr\antlr\2.7.7\antlr-2.7.7.jar;C:\Users\Usuario\.m2\repository\org\jboss\jandex\2.4.2.Final\jandex-2.4.2.Final.jar;C:\Users\Usuario\.m2\repository\com\fasterxml\classmate\1.5.1\classmate-1.5.1.jar;C:\Users\Usuario\.m2\repository\org\hibernate\common\hibernate-commons-annotations\5.1.2.Final\hibernate-commons-annotations-5.1.2.Final.jar;C:\Users\Usuario\.m2\repository\org\glassfish\jaxb\jaxb-runtime\2.3.7\jaxb-runtime-2.3.7.jar;C:\Users\Usuario\.m2\repository\org\glassfish\jaxb\txw2\2.3.7\txw2-2.3.7.jar;C:\Users\Usuario\.m2\repository\com\sun\istack\istack-commons-runtime\3.0.12\istack-commons-runtime-3.0.12.jar;C:\Users\Usuario\.m2\repository\com\sun\activation\jakarta.activati
Launcher Type: SUN_STANDARD

Environment Variables:
JAVA_HOME=C:\Program Files\Java\jdk1.8.0_341
PATH=C:\Program Files (x86)\Common Files\Oracle\Java\javapath;C:\Python39\Scripts\;C:\Python39\;C:\Program Files (x86)\Common Files\Intel\Shared Libraries\redist\intel64\compiler;C:\WINDOWS\system32;C:\WINDOWS;C:\WINDOWS\System32\Wbem;C:\WINDOWS\System32\WindowsPowerShell\v1.0\;C:\WINDOWS\System32\OpenSSH\;C:\Program Files (x86)\Windows Live\Shared;C:\Program Files\dotnet\;C:\Program Files\Microsoft SQL Server\130\Tools\Binn\;C:\Program Files (x86)\dotnet\;C:\ProgramData\chocolatey\bin;C:\Program Files\Git\cmd;C:\Program Files\nodejs\;D:\Documentos\Scripts\;D:\Documentos\;C:\Users\Usuario\AppData\Local\Microsoft\WindowsApps;D:\Documentos\PyCharm Community Edition 2019.3.3\bin;C:\Users\Usuario\.dotnet\tools;C:\Users\Usuario\AppData\Local\GitHubDesktop\bin;C:\Users\Usuario\AppData\Local\Programs\Microsoft VS Code\bin;C:\Users\Usuario\AppData\Roaming\npm
USERNAME=Usuario
OS=Windows_NT
PROCESSOR_IDENTIFIER=Intel64 Family 6 Model 158 Stepping 9, GenuineIntel



---------------  S Y S T E M  ---------------

OS: Windows 10 , 64 bit Build 19041 (10.0.19041.1889)

CPU:total 4 (initial active 4) (4 cores per cpu, 1 threads per core) family 6 model 158 stepping 9, cmov, cx8, fxsr, mmx, sse, sse2, sse3, ssse3, sse4.1, sse4.2, popcnt, avx, avx2, aes, clmul, erms, 3dnowpref, lzcnt, tsc, tscinvbit, bmi1, bmi2, adx

Memory: 4k page, physical 8351888k(396500k free), swap 18837648k(5244k free)

vm_info: Java HotSpot(TM) 64-Bit Server VM (25.341-b10) for windows-amd64 JRE (1.8.0_341-b10), built on Jun 16 2022 15:51:07 by "java_re" with MS VC++ 15.9 (VS2017)

time: Wed Jan 25 21:42:07 2023
timezone: Hora estándar de Argentina
elapsed time: 4.748602 seconds (0d 0h 0m 4s)

